<?xml version="1.0" encoding="UTF-8" ?>
<testsuite tests="15" failures="0" name="webLayer.CalculatorWSTest" time="14.197" errors="15" skipped="0">
  <properties>
[...]
</properties>
  <testcase classname="webLayer.CalculatorWSTest" name="when a GET request is made to the /calc/status url the expected response message and a 200 OK status should be returned" time="3.282">
    <error message="Failed to load ApplicationContext" type="java.lang.IllegalStateException">java.lang.IllegalStateException: Failed to load ApplicationContext
	at org.springframework.test.context.cache.DefaultCacheAwareContextLoaderDelegate.loadContext(DefaultCacheAwareContextLoaderDelegate.java:125)
	at org.springframework.test.context.support.DefaultTestContext.getApplicationContext(DefaultTestContext.java:108)
	at org.springframework.test.context.support.DependencyInjectionTestExecutionListener.injectDependencies(DependencyInjectionTestExecutionListener.java:117)
	at org.springframework.test.context.support.DependencyInjectionTestExecutionListener.prepareTestInstance(DependencyInjectionTestExecutionListener.java:83)
	at org.springframework.boot.test.autoconfigure.SpringBootDependencyInjectionTestExecutionListener.prepareTestInstance(SpringBootDependencyInjectionTestExecutionListener.java:44)
	at org.springframework.test.context.TestContextManager.prepareTestInstance(TestContextManager.java:246)
	at org.spockframework.spring.SpringTestContextManager.prepareTestInstance(SpringTestContextManager.java:50)
	at org.spockframework.spring.SpringInterceptor.interceptSetupMethod(SpringInterceptor.java:42)
	at org.spockframework.runtime.extension.AbstractMethodInterceptor.intercept(AbstractMethodInterceptor.java:28)
	at org.spockframework.runtime.extension.MethodInvocation.proceed(MethodInvocation.java:87)
	at org.apache.maven.surefire.junit4.JUnit4TestSet.execute(JUnit4TestSet.java:59)
	at org.apache.maven.surefire.suite.AbstractDirectoryTestSuite.executeTestSet(AbstractDirectoryTestSuite.java:120)
	at org.apache.maven.surefire.suite.AbstractDirectoryTestSuite.execute(AbstractDirectoryTestSuite.java:103)
	at org.apache.maven.surefire.Surefire.run(Surefire.java:169)
	at org.apache.maven.surefire.booter.SurefireBooter.runSuitesInProcess(SurefireBooter.java:350)
	at org.apache.maven.surefire.booter.SurefireBooter.main(SurefireBooter.java:1021)
Caused by: org.springframework.beans.factory.UnsatisfiedDependencyException: Error creating bean with name &apos;operationContext&apos; defined in file [C:\repo_internship_project_master\com.calculator\target\classes\businessLayer\OperationContext.class]: Unsatisfied dependency expressed through constructor parameter 0; nested exception is org.springframework.beans.factory.NoSuchBeanDefinitionException: No qualifying bean of type &apos;businessLayer.api.CalculatorStrategy&apos; available: expected at least 1 bean which qualifies as autowire candidate. Dependency annotations: {}
	at org.springframework.beans.factory.support.ConstructorResolver.createArgumentArray(ConstructorResolver.java:729)
	at org.springframework.beans.factory.support.ConstructorResolver.autowireConstructor(ConstructorResolver.java:192)
	at org.springframework.beans.factory.support.AbstractAutowireCapableBeanFactory.autowireConstructor(AbstractAutowireCapableBeanFactory.java:1274)
	at org.springframework.beans.factory.support.AbstractAutowireCapableBeanFactory.createBeanInstance(AbstractAutowireCapableBeanFactory.java:1131)
	at org.springframework.beans.factory.support.AbstractAutowireCapableBeanFactory.doCreateBean(AbstractAutowireCapableBeanFactory.java:541)
	at org.springframework.beans.factory.support.AbstractAutowireCapableBeanFactory.createBean(AbstractAutowireCapableBeanFactory.java:501)
	at org.springframework.beans.factory.support.AbstractBeanFactory.lambda$doGetBean$0(AbstractBeanFactory.java:317)
	at org.springframework.beans.factory.support.DefaultSingletonBeanRegistry.getSingleton(DefaultSingletonBeanRegistry.java:228)
	at org.springframework.beans.factory.support.AbstractBeanFactory.doGetBean(AbstractBeanFactory.java:315)
	at org.springframework.beans.factory.support.AbstractBeanFactory.getBean(AbstractBeanFactory.java:199)
	at org.springframework.beans.factory.support.DefaultListableBeanFactory.preInstantiateSingletons(DefaultListableBeanFactory.java:760)
	at org.springframework.context.support.AbstractApplicationContext.finishBeanFactoryInitialization(AbstractApplicationContext.java:869)
	at org.springframework.context.support.AbstractApplicationContext.refresh(AbstractApplicationContext.java:550)
	at org.springframework.boot.SpringApplication.refresh(SpringApplication.java:759)
	at org.springframework.boot.SpringApplication.refreshContext(SpringApplication.java:395)
	at org.springframework.boot.SpringApplication.run(SpringApplication.java:327)
	at org.springframework.boot.test.context.SpringBootContextLoader.loadContext(SpringBootContextLoader.java:139)
	at org.springframework.test.context.cache.DefaultCacheAwareContextLoaderDelegate.loadContextInternal(DefaultCacheAwareContextLoaderDelegate.java:99)
	at org.springframework.test.context.cache.DefaultCacheAwareContextLoaderDelegate.loadContext(DefaultCacheAwareContextLoaderDelegate.java:117)
	... 15 more
Caused by: org.springframework.beans.factory.NoSuchBeanDefinitionException: No qualifying bean of type &apos;businessLayer.api.CalculatorStrategy&apos; available: expected at least 1 bean which qualifies as autowire candidate. Dependency annotations: {}
	at org.springframework.beans.factory.support.DefaultListableBeanFactory.raiseNoMatchingBeanFound(DefaultListableBeanFactory.java:1509)
	at org.springframework.beans.factory.support.DefaultListableBeanFactory.doResolveDependency(DefaultListableBeanFactory.java:1104)
	at org.springframework.beans.factory.support.DefaultListableBeanFactory.resolveDependency(DefaultListableBeanFactory.java:1065)
	at org.springframework.beans.factory.support.ConstructorResolver.resolveAutowiredArgument(ConstructorResolver.java:815)
	at org.springframework.beans.factory.support.ConstructorResolver.createArgumentArray(ConstructorResolver.java:721)
	... 33 more
</error>
    <system-out>10:14:51.338 [main] DEBUG org.springframework.test.annotation.ProfileValueUtils - Retrieved @ProfileValueSourceConfiguration [null] for test class [webLayer.CalculatorWSTest]
10:14:51.346 [main] DEBUG org.springframework.test.annotation.ProfileValueUtils - Retrieved ProfileValueSource type [class org.springframework.test.annotation.SystemProfileValueSource] for class [webLayer.CalculatorWSTest]
10:14:51.347 [main] DEBUG org.springframework.test.annotation.ProfileValueUtils - Retrieved @ProfileValueSourceConfiguration [null] for test class [webLayer.CalculatorWSTest]
10:14:51.347 [main] DEBUG org.springframework.test.annotation.ProfileValueUtils - Retrieved ProfileValueSource type [class org.springframework.test.annotation.SystemProfileValueSource] for class [webLayer.CalculatorWSTest]
10:14:51.356 [main] DEBUG org.springframework.test.annotation.ProfileValueUtils - Retrieved @ProfileValueSourceConfiguration [null] for test class [webLayer.CalculatorWSTest]
10:14:51.356 [main] DEBUG org.springframework.test.annotation.ProfileValueUtils - Retrieved ProfileValueSource type [class org.springframework.test.annotation.SystemProfileValueSource] for class [webLayer.CalculatorWSTest]
10:14:51.357 [main] DEBUG org.springframework.test.annotation.ProfileValueUtils - Retrieved @ProfileValueSourceConfiguration [null] for test class [webLayer.CalculatorWSTest]
10:14:51.357 [main] DEBUG org.springframework.test.annotation.ProfileValueUtils - Retrieved ProfileValueSource type [class org.springframework.test.annotation.SystemProfileValueSource] for class [webLayer.CalculatorWSTest]
10:14:51.363 [main] DEBUG org.springframework.test.context.BootstrapUtils - Instantiating CacheAwareContextLoaderDelegate from class [org.springframework.test.context.cache.DefaultCacheAwareContextLoaderDelegate]
10:14:51.370 [main] DEBUG org.springframework.test.context.BootstrapUtils - Instantiating BootstrapContext using constructor [public org.springframework.test.context.support.DefaultBootstrapContext(java.lang.Class,org.springframework.test.context.CacheAwareContextLoaderDelegate)]
10:14:51.394 [main] DEBUG org.springframework.test.context.BootstrapUtils - Instantiating TestContextBootstrapper for test class [webLayer.CalculatorWSTest] from class [org.springframework.boot.test.autoconfigure.web.servlet.WebMvcTestContextBootstrapper]
10:14:51.420 [main] DEBUG org.springframework.test.context.support.AbstractContextLoader - Did not detect default resource location for test class [webLayer.CalculatorWSTest]: class path resource [webLayer/CalculatorWSTest-context.xml] does not exist
10:14:51.420 [main] DEBUG org.springframework.test.context.support.AbstractContextLoader - Did not detect default resource location for test class [webLayer.CalculatorWSTest]: class path resource [webLayer/CalculatorWSTestContext.groovy] does not exist
10:14:51.420 [main] INFO org.springframework.test.context.support.AbstractContextLoader - Could not detect default resource locations for test class [webLayer.CalculatorWSTest]: no resource found for suffixes {-context.xml, Context.groovy}.
10:14:51.537 [main] DEBUG org.springframework.test.context.support.ActiveProfilesUtils - Could not find an &apos;annotation declaring class&apos; for annotation type [org.springframework.test.context.ActiveProfiles] and class [webLayer.CalculatorWSTest]
10:14:51.574 [main] DEBUG org.springframework.boot.test.autoconfigure.web.servlet.WebMvcTestContextBootstrapper - @TestExecutionListeners is not present for class [webLayer.CalculatorWSTest]: using defaults.
10:14:51.575 [main] INFO org.springframework.boot.test.autoconfigure.web.servlet.WebMvcTestContextBootstrapper - Loaded default TestExecutionListener class names from location [META-INF/spring.factories]: [org.springframework.boot.test.mock.mockito.MockitoTestExecutionListener, org.springframework.boot.test.mock.mockito.ResetMocksTestExecutionListener, org.springframework.boot.test.autoconfigure.restdocs.RestDocsTestExecutionListener, org.springframework.boot.test.autoconfigure.web.client.MockRestServiceServerResetTestExecutionListener, org.springframework.boot.test.autoconfigure.web.servlet.MockMvcPrintOnlyOnFailureTestExecutionListener, org.springframework.boot.test.autoconfigure.web.servlet.WebDriverTestExecutionListener, org.springframework.test.context.web.ServletTestExecutionListener, org.springframework.test.context.support.DirtiesContextBeforeModesTestExecutionListener, org.springframework.test.context.support.DependencyInjectionTestExecutionListener, org.springframework.test.context.support.DirtiesContextTestExecutionListener, org.springframework.test.context.transaction.TransactionalTestExecutionListener, org.springframework.test.context.jdbc.SqlScriptsTestExecutionListener]
10:14:51.603 [main] DEBUG org.springframework.boot.test.autoconfigure.web.servlet.WebMvcTestContextBootstrapper - Skipping candidate TestExecutionListener [org.springframework.test.context.transaction.TransactionalTestExecutionListener] due to a missing dependency. Specify custom listener classes or make the default listener classes and their required dependencies available. Offending class: [org/springframework/transaction/interceptor/TransactionAttributeSource]
10:14:51.604 [main] DEBUG org.springframework.boot.test.autoconfigure.web.servlet.WebMvcTestContextBootstrapper - Skipping candidate TestExecutionListener [org.springframework.test.context.jdbc.SqlScriptsTestExecutionListener] due to a missing dependency. Specify custom listener classes or make the default listener classes and their required dependencies available. Offending class: [org/springframework/transaction/interceptor/TransactionAttribute]
10:14:51.605 [main] INFO org.springframework.boot.test.autoconfigure.web.servlet.WebMvcTestContextBootstrapper - Using TestExecutionListeners: [org.springframework.test.context.web.ServletTestExecutionListener@60f00693, org.springframework.test.context.support.DirtiesContextBeforeModesTestExecutionListener@79207381, org.springframework.boot.test.mock.mockito.MockitoTestExecutionListener@491b9b8, org.springframework.boot.test.autoconfigure.SpringBootDependencyInjectionTestExecutionListener@1a4927d6, org.springframework.test.context.support.DirtiesContextTestExecutionListener@7a6d7e92, org.springframework.boot.test.mock.mockito.ResetMocksTestExecutionListener@aba625, org.springframework.boot.test.autoconfigure.restdocs.RestDocsTestExecutionListener@97e93f1, org.springframework.boot.test.autoconfigure.web.client.MockRestServiceServerResetTestExecutionListener@5a5a729f, org.springframework.boot.test.autoconfigure.web.servlet.MockMvcPrintOnlyOnFailureTestExecutionListener@4b520ea8, org.springframework.boot.test.autoconfigure.web.servlet.WebDriverTestExecutionListener@16150369]
10:14:51.631 [main] DEBUG org.springframework.test.context.support.AbstractDirtiesContextTestExecutionListener - Before test class: context [DefaultTestContext@4dc27487 testClass = CalculatorWSTest, testInstance = [null], testMethod = [null], testException = [null], mergedContextConfiguration = [WebMergedContextConfiguration@6a4f1a55 testClass = CalculatorWSTest, locations = &apos;{}&apos;, classes = &apos;{class businessLayer.Application}&apos;, contextInitializerClasses = &apos;[]&apos;, activeProfiles = &apos;{}&apos;, propertySourceLocations = &apos;{}&apos;, propertySourceProperties = &apos;{org.springframework.boot.test.autoconfigure.web.servlet.WebMvcTestContextBootstrapper=true}&apos;, contextCustomizers = set[[ImportsContextCustomizer@7dfd3c81 key = [org.springframework.boot.autoconfigure.cache.CacheAutoConfiguration, org.springframework.boot.autoconfigure.context.MessageSourceAutoConfiguration, org.springframework.boot.autoconfigure.freemarker.FreeMarkerAutoConfiguration, org.springframework.boot.autoconfigure.groovy.template.GroovyTemplateAutoConfiguration, org.springframework.boot.autoconfigure.gson.GsonAutoConfiguration, org.springframework.boot.autoconfigure.hateoas.HypermediaAutoConfiguration, org.springframework.boot.autoconfigure.http.HttpMessageConvertersAutoConfiguration, org.springframework.boot.autoconfigure.jackson.JacksonAutoConfiguration, org.springframework.boot.autoconfigure.jsonb.JsonbAutoConfiguration, org.springframework.boot.autoconfigure.mustache.MustacheAutoConfiguration, org.springframework.boot.autoconfigure.thymeleaf.ThymeleafAutoConfiguration, org.springframework.boot.autoconfigure.validation.ValidationAutoConfiguration, org.springframework.boot.autoconfigure.web.servlet.error.ErrorMvcAutoConfiguration, org.springframework.boot.autoconfigure.web.servlet.WebMvcAutoConfiguration, org.springframework.boot.test.autoconfigure.web.servlet.MockMvcAutoConfiguration, org.springframework.boot.test.autoconfigure.web.servlet.MockMvcSecurityAutoConfiguration, org.springframework.boot.test.autoconfigure.web.servlet.MockMvcWebClientAutoConfiguration, org.springframework.boot.test.autoconfigure.web.servlet.MockMvcWebDriverAutoConfiguration]], org.springframework.boot.test.context.filter.ExcludeFilterContextCustomizer@2892d68, org.springframework.boot.test.json.DuplicateJsonObjectContextCustomizerFactory$DuplicateJsonObjectContextCustomizer@750e2b97, org.springframework.boot.test.mock.mockito.MockitoContextCustomizer@0, org.springframework.boot.test.autoconfigure.OverrideAutoConfigurationContextCustomizerFactory$DisableAutoConfigurationContextCustomizer@15bb5034, org.springframework.boot.test.autoconfigure.filter.TypeExcludeFiltersContextCustomizer@14699406, org.springframework.boot.test.autoconfigure.properties.PropertyMappingContextCustomizer@a930500e, org.springframework.boot.test.autoconfigure.web.servlet.WebDriverContextCustomizerFactory$Customizer@413d1baf], resourceBasePath = &apos;&apos;, contextLoader = &apos;org.springframework.boot.test.context.SpringBootContextLoader&apos;, parent = [null]], attributes = map[[empty]]], class annotated with @DirtiesContext [false] with mode [null].
10:14:51.642 [main] DEBUG org.springframework.test.context.support.DependencyInjectionTestExecutionListener - Performing dependency injection for test context [[DefaultTestContext@4dc27487 testClass = CalculatorWSTest, testInstance = webLayer.CalculatorWSTest@508dec2b, testMethod = [null], testException = [null], mergedContextConfiguration = [WebMergedContextConfiguration@6a4f1a55 testClass = CalculatorWSTest, locations = &apos;{}&apos;, classes = &apos;{class businessLayer.Application}&apos;, contextInitializerClasses = &apos;[]&apos;, activeProfiles = &apos;{}&apos;, propertySourceLocations = &apos;{}&apos;, propertySourceProperties = &apos;{org.springframework.boot.test.autoconfigure.web.servlet.WebMvcTestContextBootstrapper=true}&apos;, contextCustomizers = set[[ImportsContextCustomizer@7dfd3c81 key = [org.springframework.boot.autoconfigure.cache.CacheAutoConfiguration, org.springframework.boot.autoconfigure.context.MessageSourceAutoConfiguration, org.springframework.boot.autoconfigure.freemarker.FreeMarkerAutoConfiguration, org.springframework.boot.autoconfigure.groovy.template.GroovyTemplateAutoConfiguration, org.springframework.boot.autoconfigure.gson.GsonAutoConfiguration, org.springframework.boot.autoconfigure.hateoas.HypermediaAutoConfiguration, org.springframework.boot.autoconfigure.http.HttpMessageConvertersAutoConfiguration, org.springframework.boot.autoconfigure.jackson.JacksonAutoConfiguration, org.springframework.boot.autoconfigure.jsonb.JsonbAutoConfiguration, org.springframework.boot.autoconfigure.mustache.MustacheAutoConfiguration, org.springframework.boot.autoconfigure.thymeleaf.ThymeleafAutoConfiguration, org.springframework.boot.autoconfigure.validation.ValidationAutoConfiguration, org.springframework.boot.autoconfigure.web.servlet.error.ErrorMvcAutoConfiguration, org.springframework.boot.autoconfigure.web.servlet.WebMvcAutoConfiguration, org.springframework.boot.test.autoconfigure.web.servlet.MockMvcAutoConfiguration, org.springframework.boot.test.autoconfigure.web.servlet.MockMvcSecurityAutoConfiguration, org.springframework.boot.test.autoconfigure.web.servlet.MockMvcWebClientAutoConfiguration, org.springframework.boot.test.autoconfigure.web.servlet.MockMvcWebDriverAutoConfiguration]], org.springframework.boot.test.context.filter.ExcludeFilterContextCustomizer@2892d68, org.springframework.boot.test.json.DuplicateJsonObjectContextCustomizerFactory$DuplicateJsonObjectContextCustomizer@750e2b97, org.springframework.boot.test.mock.mockito.MockitoContextCustomizer@0, org.springframework.boot.test.autoconfigure.OverrideAutoConfigurationContextCustomizerFactory$DisableAutoConfigurationContextCustomizer@15bb5034, org.springframework.boot.test.autoconfigure.filter.TypeExcludeFiltersContextCustomizer@14699406, org.springframework.boot.test.autoconfigure.properties.PropertyMappingContextCustomizer@a930500e, org.springframework.boot.test.autoconfigure.web.servlet.WebDriverContextCustomizerFactory$Customizer@413d1baf], resourceBasePath = &apos;&apos;, contextLoader = &apos;org.springframework.boot.test.context.SpringBootContextLoader&apos;, parent = [null]], attributes = map[[empty]]]].
10:14:51.694 [main] DEBUG org.springframework.core.env.StandardEnvironment - Adding PropertySource &apos;systemProperties&apos; with lowest search precedence
10:14:51.694 [main] DEBUG org.springframework.core.env.StandardEnvironment - Adding PropertySource &apos;systemEnvironment&apos; with lowest search precedence
10:14:51.695 [main] DEBUG org.springframework.core.env.StandardEnvironment - Initialized StandardEnvironment with PropertySources [MapPropertySource@485845532 {name=&apos;systemProperties&apos;, properties={java.runtime.name=Java(TM) SE Runtime Environment, sun.boot.library.path=C:\Program Files\Java\jdk1.8.0_171\jre\bin, java.vm.version=25.171-b11, java.vm.vendor=Oracle Corporation, java.vendor.url=http://java.oracle.com/, path.separator=;, java.vm.name=Java HotSpot(TM) 64-Bit Server VM, file.encoding.pkg=sun.io, user.country=IE, user.script=, sun.java.launcher=SUN_STANDARD, sun.os.patch.level=Service Pack 1, java.vm.specification.name=Java Virtual Machine Specification, user.dir=C:\repo_internship_project_master\com.calculator, java.runtime.version=1.8.0_171-b11, basedir=C:\repo_internship_project_master\com.calculator, java.awt.graphicsenv=sun.awt.Win32GraphicsEnvironment, java.endorsed.dirs=C:\Program Files\Java\jdk1.8.0_171\jre\lib\endorsed, os.arch=amd64, surefire.real.class.path=C:\Users\EAAMRVD\AppData\Local\Temp\surefirebooter5114121153763729501.jar, java.io.tmpdir=C:\Users\EAAMRVD\AppData\Local\Temp\, line.separator=
, java.vm.specification.vendor=Oracle Corporation, user.variant=, os.name=Windows 7, sun.jnu.encoding=Cp1252, java.library.path=C:\Program Files\Java\jdk1.8.0_171\jre\bin;C:\WINDOWS\Sun\Java\bin;C:\WINDOWS\system32;C:\WINDOWS;C:/Program Files/Java/jre1.8.0_171/bin/server;C:/Program Files/Java/jre1.8.0_171/bin;C:/Program Files/Java/jre1.8.0_171/lib/amd64;C:\Program Files (x86)\Intel\iCLS Client\;C:\Program Files\Intel\iCLS Client\;C:\Program Files (x86)\Common Files\Oracle\Java\javapath;C:\ProgramData\Oracle\Java\javapath;C:\WINDOWS\system32;C:\WINDOWS;C:\WINDOWS\System32\Wbem;C:\WINDOWS\System32\WindowsPowerShell\v1.0\;C:\WINDOWS\system32;C:\WINDOWS;C:\WINDOWS\System32\Wbem;C:\Program Files (x86)\SQL11\DLL;C:\Program Files (x86)\SQL11\BIN;C:\Program Files (x86)\CheckPoint\Endpoint Security\Endpoint Common\bin;C:\Program Files\nodejs\;C:\Program Files\Git\cmd;C:\Program Files\Git\mingw64\bin;C:\Program Files\Git\usr\bin;C:\Program Files\Intel\Intel(R) Management Engine Components\DAL;C:\Program Files\Intel\Intel(R) Management Engine Components\IPT;C:\Program Files (x86)\Intel\Intel(R) Management Engine Components\DAL;C:\Program Files (x86)\Intel\Intel(R) Management Engine Components\IPT;C:\Software\Maven\apache-maven-3.5.3\bin;C:\Users\EAAMRVD\AppData\Roaming\npm;C:\Program Files\Docker Toolbox;C:\Software\eclipse;;., surefire.test.class.path=C:\repo_internship_project_master\com.calculator\target\test-classes;C:\repo_internship_project_master\com.calculator\target\classes;C:\Users\EAAMRVD\.m2\repository\org\springframework\boot\spring-boot-starter-web\2.0.2.RELEASE\spring-boot-starter-web-2.0.2.RELEASE.jar;C:\Users\EAAMRVD\.m2\repository\org\springframework\boot\spring-boot-starter\2.0.2.RELEASE\spring-boot-starter-2.0.2.RELEASE.jar;C:\Users\EAAMRVD\.m2\repository\org\springframework\boot\spring-boot\2.0.2.RELEASE\spring-boot-2.0.2.RELEASE.jar;C:\Users\EAAMRVD\.m2\repository\org\springframework\boot\spring-boot-autoconfigure\2.0.2.RELEASE\spring-boot-autoconfigure-2.0.2.RELEASE.jar;C:\Users\EAAMRVD\.m2\repository\org\springframework\boot\spring-boot-starter-logging\2.0.2.RELEASE\spring-boot-starter-logging-2.0.2.RELEASE.jar;C:\Users\EAAMRVD\.m2\repository\ch\qos\logback\logback-classic\1.2.3\logback-classic-1.2.3.jar;C:\Users\EAAMRVD\.m2\repository\ch\qos\logback\logback-core\1.2.3\logback-core-1.2.3.jar;C:\Users\EAAMRVD\.m2\repository\org\apache\logging\log4j\log4j-to-slf4j\2.10.0\log4j-to-slf4j-2.10.0.jar;C:\Users\EAAMRVD\.m2\repository\org\apache\logging\log4j\log4j-api\2.10.0\log4j-api-2.10.0.jar;C:\Users\EAAMRVD\.m2\repository\org\slf4j\jul-to-slf4j\1.7.25\jul-to-slf4j-1.7.25.jar;C:\Users\EAAMRVD\.m2\repository\javax\annotation\javax.annotation-api\1.3.2\javax.annotation-api-1.3.2.jar;C:\Users\EAAMRVD\.m2\repository\org\yaml\snakeyaml\1.19\snakeyaml-1.19.jar;C:\Users\EAAMRVD\.m2\repository\org\springframework\boot\spring-boot-starter-json\2.0.2.RELEASE\spring-boot-starter-json-2.0.2.RELEASE.jar;C:\Users\EAAMRVD\.m2\repository\com\fasterxml\jackson\core\jackson-databind\2.9.5\jackson-databind-2.9.5.jar;C:\Users\EAAMRVD\.m2\repository\com\fasterxml\jackson\core\jackson-annotations\2.9.0\jackson-annotations-2.9.0.jar;C:\Users\EAAMRVD\.m2\repository\com\fasterxml\jackson\core\jackson-core\2.9.5\jackson-core-2.9.5.jar;C:\Users\EAAMRVD\.m2\repository\com\fasterxml\jackson\datatype\jackson-datatype-jdk8\2.9.5\jackson-datatype-jdk8-2.9.5.jar;C:\Users\EAAMRVD\.m2\repository\com\fasterxml\jackson\datatype\jackson-datatype-jsr310\2.9.5\jackson-datatype-jsr310-2.9.5.jar;C:\Users\EAAMRVD\.m2\repository\com\fasterxml\jackson\module\jackson-module-parameter-names\2.9.5\jackson-module-parameter-names-2.9.5.jar;C:\Users\EAAMRVD\.m2\repository\org\springframework\boot\spring-boot-starter-tomcat\2.0.2.RELEASE\spring-boot-starter-tomcat-2.0.2.RELEASE.jar;C:\Users\EAAMRVD\.m2\repository\org\apache\tomcat\embed\tomcat-embed-core\8.5.31\tomcat-embed-core-8.5.31.jar;C:\Users\EAAMRVD\.m2\repository\org\apache\tomcat\embed\tomcat-embed-el\8.5.31\tomcat-embed-el-8.5.31.jar;C:\Users\EAAMRVD\.m2\repository\org\apache\tomcat\embed\tomcat-embed-websocket\8.5.31\tomcat-embed-websocket-8.5.31.jar;C:\Users\EAAMRVD\.m2\repository\org\hibernate\validator\hibernate-validator\6.0.9.Final\hibernate-validator-6.0.9.Final.jar;C:\Users\EAAMRVD\.m2\repository\javax\validation\validation-api\2.0.1.Final\validation-api-2.0.1.Final.jar;C:\Users\EAAMRVD\.m2\repository\org\jboss\logging\jboss-logging\3.3.2.Final\jboss-logging-3.3.2.Final.jar;C:\Users\EAAMRVD\.m2\repository\com\fasterxml\classmate\1.3.4\classmate-1.3.4.jar;C:\Users\EAAMRVD\.m2\repository\org\springframework\spring-web\5.0.6.RELEASE\spring-web-5.0.6.RELEASE.jar;C:\Users\EAAMRVD\.m2\repository\org\springframework\spring-beans\5.0.6.RELEASE\spring-beans-5.0.6.RELEASE.jar;C:\Users\EAAMRVD\.m2\repository\org\springframework\spring-webmvc\5.0.6.RELEASE\spring-webmvc-5.0.6.RELEASE.jar;C:\Users\EAAMRVD\.m2\repository\org\springframework\spring-aop\5.0.6.RELEASE\spring-aop-5.0.6.RELEASE.jar;C:\Users\EAAMRVD\.m2\repository\org\springframework\spring-context\5.0.6.RELEASE\spring-context-5.0.6.RELEASE.jar;C:\Users\EAAMRVD\.m2\repository\org\springframework\spring-expression\5.0.6.RELEASE\spring-expression-5.0.6.RELEASE.jar;C:\Users\EAAMRVD\.m2\repository\org\seleniumhq\selenium\selenium-java\3.13.0\selenium-java-3.13.0.jar;C:\Users\EAAMRVD\.m2\repository\org\seleniumhq\selenium\selenium-api\3.9.1\selenium-api-3.9.1.jar;C:\Users\EAAMRVD\.m2\repository\org\seleniumhq\selenium\selenium-chrome-driver\3.9.1\selenium-chrome-driver-3.9.1.jar;C:\Users\EAAMRVD\.m2\repository\org\seleniumhq\selenium\selenium-edge-driver\3.9.1\selenium-edge-driver-3.9.1.jar;C:\Users\EAAMRVD\.m2\repository\org\seleniumhq\selenium\selenium-firefox-driver\3.9.1\selenium-firefox-driver-3.9.1.jar;C:\Users\EAAMRVD\.m2\repository\org\seleniumhq\selenium\selenium-ie-driver\3.9.1\selenium-ie-driver-3.9.1.jar;C:\Users\EAAMRVD\.m2\repository\org\seleniumhq\selenium\selenium-opera-driver\3.9.1\selenium-opera-driver-3.9.1.jar;C:\Users\EAAMRVD\.m2\repository\org\seleniumhq\selenium\selenium-remote-driver\3.9.1\selenium-remote-driver-3.9.1.jar;C:\Users\EAAMRVD\.m2\repository\org\seleniumhq\selenium\selenium-safari-driver\3.9.1\selenium-safari-driver-3.9.1.jar;C:\Users\EAAMRVD\.m2\repository\org\seleniumhq\selenium\selenium-support\3.9.1\selenium-support-3.9.1.jar;C:\Users\EAAMRVD\.m2\repository\net\bytebuddy\byte-buddy\1.7.11\byte-buddy-1.7.11.jar;C:\Users\EAAMRVD\.m2\repository\org\apache\commons\commons-exec\1.3\commons-exec-1.3.jar;C:\Users\EAAMRVD\.m2\repository\commons-codec\commons-codec\1.11\commons-codec-1.11.jar;C:\Users\EAAMRVD\.m2\repository\com\google\code\gson\gson\2.8.4\gson-2.8.4.jar;C:\Users\EAAMRVD\.m2\repository\com\google\guava\guava\25.0-jre\guava-25.0-jre.jar;C:\Users\EAAMRVD\.m2\repository\com\google\code\findbugs\jsr305\1.3.9\jsr305-1.3.9.jar;C:\Users\EAAMRVD\.m2\repository\org\checkerframework\checker-compat-qual\2.0.0\checker-compat-qual-2.0.0.jar;C:\Users\EAAMRVD\.m2\repository\com\google\errorprone\error_prone_annotations\2.1.3\error_prone_annotations-2.1.3.jar;C:\Users\EAAMRVD\.m2\repository\com\google\j2objc\j2objc-annotations\1.1\j2objc-annotations-1.1.jar;C:\Users\EAAMRVD\.m2\repository\org\codehaus\mojo\animal-sniffer-annotations\1.14\animal-sniffer-annotations-1.14.jar;C:\Users\EAAMRVD\.m2\repository\org\apache\httpcomponents\httpclient\4.5.5\httpclient-4.5.5.jar;C:\Users\EAAMRVD\.m2\repository\org\apache\httpcomponents\httpcore\4.4.9\httpcore-4.4.9.jar;C:\Users\EAAMRVD\.m2\repository\com\squareup\okhttp3\okhttp\3.10.0\okhttp-3.10.0.jar;C:\Users\EAAMRVD\.m2\repository\com\squareup\okio\okio\1.14.1\okio-1.14.1.jar;C:\Users\EAAMRVD\.m2\repository\org\mockito\mockito-all\1.9.5\mockito-all-1.9.5.jar;C:\Users\EAAMRVD\.m2\repository\org\springframework\boot\spring-boot-starter-test\2.0.2.RELEASE\spring-boot-starter-test-2.0.2.RELEASE.jar;C:\Users\EAAMRVD\.m2\repository\org\springframework\boot\spring-boot-test\2.0.2.RELEASE\spring-boot-test-2.0.2.RELEASE.jar;C:\Users\EAAMRVD\.m2\repository\org\springframework\boot\spring-boot-test-autoconfigure\2.0.2.RELEASE\spring-boot-test-autoconfigure-2.0.2.RELEASE.jar;C:\Users\EAAMRVD\.m2\repository\com\jayway\jsonpath\json-path\2.4.0\json-path-2.4.0.jar;C:\Users\EAAMRVD\.m2\repository\net\minidev\json-smart\2.3\json-smart-2.3.jar;C:\Users\EAAMRVD\.m2\repository\net\minidev\accessors-smart\1.2\accessors-smart-1.2.jar;C:\Users\EAAMRVD\.m2\repository\org\ow2\asm\asm\5.0.4\asm-5.0.4.jar;C:\Users\EAAMRVD\.m2\repository\org\slf4j\slf4j-api\1.7.25\slf4j-api-1.7.25.jar;C:\Users\EAAMRVD\.m2\repository\org\assertj\assertj-core\3.9.1\assertj-core-3.9.1.jar;C:\Users\EAAMRVD\.m2\repository\org\mockito\mockito-core\2.15.0\mockito-core-2.15.0.jar;C:\Users\EAAMRVD\.m2\repository\net\bytebuddy\byte-buddy-agent\1.7.11\byte-buddy-agent-1.7.11.jar;C:\Users\EAAMRVD\.m2\repository\org\objenesis\objenesis\2.6\objenesis-2.6.jar;C:\Users\EAAMRVD\.m2\repository\org\hamcrest\hamcrest-core\1.3\hamcrest-core-1.3.jar;C:\Users\EAAMRVD\.m2\repository\org\hamcrest\hamcrest-library\1.3\hamcrest-library-1.3.jar;C:\Users\EAAMRVD\.m2\repository\org\skyscreamer\jsonassert\1.5.0\jsonassert-1.5.0.jar;C:\Users\EAAMRVD\.m2\repository\com\vaadin\external\google\android-json\0.0.20131108.vaadin1\android-json-0.0.20131108.vaadin1.jar;C:\Users\EAAMRVD\.m2\repository\org\springframework\spring-core\5.0.6.RELEASE\spring-core-5.0.6.RELEASE.jar;C:\Users\EAAMRVD\.m2\repository\org\springframework\spring-jcl\5.0.6.RELEASE\spring-jcl-5.0.6.RELEASE.jar;C:\Users\EAAMRVD\.m2\repository\org\springframework\spring-test\5.0.6.RELEASE\spring-test-5.0.6.RELEASE.jar;C:\Users\EAAMRVD\.m2\repository\org\xmlunit\xmlunit-core\2.5.1\xmlunit-core-2.5.1.jar;C:\Users\EAAMRVD\.m2\repository\junit\junit\4.12\junit-4.12.jar;C:\Users\EAAMRVD\.m2\repository\org\codehaus\groovy\groovy-all\2.4.0\groovy-all-2.4.0.jar;C:\Users\EAAMRVD\.m2\repository\org\spockframework\spock-core\1.1-groovy-2.4\spock-core-1.1-groovy-2.4.jar;C:\Users\EAAMRVD\.m2\repository\org\spockframework\spock-spring\1.1-groovy-2.4\spock-spring-1.1-groovy-2.4.jar;C:\Users\EAAMRVD\.m2\repository\info\cukes\cucumber-java\1.2.5\cucumber-java-1.2.5.jar;C:\Users\EAAMRVD\.m2\repository\info\cukes\cucumber-core\1.2.5\cucumber-core-1.2.5.jar;C:\Users\EAAMRVD\.m2\repository\info\cukes\cucumber-html\0.2.3\cucumber-html-0.2.3.jar;C:\Users\EAAMRVD\.m2\repository\info\cukes\cucumber-jvm-deps\1.0.5\cucumber-jvm-deps-1.0.5.jar;C:\Users\EAAMRVD\.m2\repository\info\cukes\gherkin\2.12.2\gherkin-2.12.2.jar;C:\Users\EAAMRVD\.m2\repository\info\cukes\cucumber-junit\1.2.5\cucumber-junit-1.2.5.jar;C:\Users\EAAMRVD\.m2\repository\commons-logging\commons-logging\1.2\commons-logging-1.2.jar;C:\Users\EAAMRVD\.m2\repository\org\hamcrest\hamcrest-all\1.3\hamcrest-all-1.3.jar;C:\Users\EAAMRVD\.m2\repository\cglib\cglib-nodep\3.1\cglib-nodep-3.1.jar;, java.specification.name=Java Platform API Specification, java.class.version=52.0, sun.management.compiler=HotSpot 64-Bit Tiered Compilers, os.version=6.1, user.home=C:\Users\EAAMRVD, user.timezone=Europe/London, java.awt.printerjob=sun.awt.windows.WPrinterJob, file.encoding=Cp1252, java.specification.version=1.8, java.class.path=C:\repo_internship_project_master\com.calculator\target\test-classes;C:\repo_internship_project_master\com.calculator\target\classes;C:\Users\EAAMRVD\.m2\repository\org\springframework\boot\spring-boot-starter-web\2.0.2.RELEASE\spring-boot-starter-web-2.0.2.RELEASE.jar;C:\Users\EAAMRVD\.m2\repository\org\springframework\boot\spring-boot-starter\2.0.2.RELEASE\spring-boot-starter-2.0.2.RELEASE.jar;C:\Users\EAAMRVD\.m2\repository\org\springframework\boot\spring-boot\2.0.2.RELEASE\spring-boot-2.0.2.RELEASE.jar;C:\Users\EAAMRVD\.m2\repository\org\springframework\boot\spring-boot-autoconfigure\2.0.2.RELEASE\spring-boot-autoconfigure-2.0.2.RELEASE.jar;C:\Users\EAAMRVD\.m2\repository\org\springframework\boot\spring-boot-starter-logging\2.0.2.RELEASE\spring-boot-starter-logging-2.0.2.RELEASE.jar;C:\Users\EAAMRVD\.m2\repository\ch\qos\logback\logback-classic\1.2.3\logback-classic-1.2.3.jar;C:\Users\EAAMRVD\.m2\repository\ch\qos\logback\logback-core\1.2.3\logback-core-1.2.3.jar;C:\Users\EAAMRVD\.m2\repository\org\apache\logging\log4j\log4j-to-slf4j\2.10.0\log4j-to-slf4j-2.10.0.jar;C:\Users\EAAMRVD\.m2\repository\org\apache\logging\log4j\log4j-api\2.10.0\log4j-api-2.10.0.jar;C:\Users\EAAMRVD\.m2\repository\org\slf4j\jul-to-slf4j\1.7.25\jul-to-slf4j-1.7.25.jar;C:\Users\EAAMRVD\.m2\repository\javax\annotation\javax.annotation-api\1.3.2\javax.annotation-api-1.3.2.jar;C:\Users\EAAMRVD\.m2\repository\org\yaml\snakeyaml\1.19\snakeyaml-1.19.jar;C:\Users\EAAMRVD\.m2\repository\org\springframework\boot\spring-boot-starter-json\2.0.2.RELEASE\spring-boot-starter-json-2.0.2.RELEASE.jar;C:\Users\EAAMRVD\.m2\repository\com\fasterxml\jackson\core\jackson-databind\2.9.5\jackson-databind-2.9.5.jar;C:\Users\EAAMRVD\.m2\repository\com\fasterxml\jackson\core\jackson-annotations\2.9.0\jackson-annotations-2.9.0.jar;C:\Users\EAAMRVD\.m2\repository\com\fasterxml\jackson\core\jackson-core\2.9.5\jackson-core-2.9.5.jar;C:\Users\EAAMRVD\.m2\repository\com\fasterxml\jackson\datatype\jackson-datatype-jdk8\2.9.5\jackson-datatype-jdk8-2.9.5.jar;C:\Users\EAAMRVD\.m2\repository\com\fasterxml\jackson\datatype\jackson-datatype-jsr310\2.9.5\jackson-datatype-jsr310-2.9.5.jar;C:\Users\EAAMRVD\.m2\repository\com\fasterxml\jackson\module\jackson-module-parameter-names\2.9.5\jackson-module-parameter-names-2.9.5.jar;C:\Users\EAAMRVD\.m2\repository\org\springframework\boot\spring-boot-starter-tomcat\2.0.2.RELEASE\spring-boot-starter-tomcat-2.0.2.RELEASE.jar;C:\Users\EAAMRVD\.m2\repository\org\apache\tomcat\embed\tomcat-embed-core\8.5.31\tomcat-embed-core-8.5.31.jar;C:\Users\EAAMRVD\.m2\repository\org\apache\tomcat\embed\tomcat-embed-el\8.5.31\tomcat-embed-el-8.5.31.jar;C:\Users\EAAMRVD\.m2\repository\org\apache\tomcat\embed\tomcat-embed-websocket\8.5.31\tomcat-embed-websocket-8.5.31.jar;C:\Users\EAAMRVD\.m2\repository\org\hibernate\validator\hibernate-validator\6.0.9.Final\hibernate-validator-6.0.9.Final.jar;C:\Users\EAAMRVD\.m2\repository\javax\validation\validation-api\2.0.1.Final\validation-api-2.0.1.Final.jar;C:\Users\EAAMRVD\.m2\repository\org\jboss\logging\jboss-logging\3.3.2.Final\jboss-logging-3.3.2.Final.jar;C:\Users\EAAMRVD\.m2\repository\com\fasterxml\classmate\1.3.4\classmate-1.3.4.jar;C:\Users\EAAMRVD\.m2\repository\org\springframework\spring-web\5.0.6.RELEASE\spring-web-5.0.6.RELEASE.jar;C:\Users\EAAMRVD\.m2\repository\org\springframework\spring-beans\5.0.6.RELEASE\spring-beans-5.0.6.RELEASE.jar;C:\Users\EAAMRVD\.m2\repository\org\springframework\spring-webmvc\5.0.6.RELEASE\spring-webmvc-5.0.6.RELEASE.jar;C:\Users\EAAMRVD\.m2\repository\org\springframework\spring-aop\5.0.6.RELEASE\spring-aop-5.0.6.RELEASE.jar;C:\Users\EAAMRVD\.m2\repository\org\springframework\spring-context\5.0.6.RELEASE\spring-context-5.0.6.RELEASE.jar;C:\Users\EAAMRVD\.m2\repository\org\springframework\spring-expression\5.0.6.RELEASE\spring-expression-5.0.6.RELEASE.jar;C:\Users\EAAMRVD\.m2\repository\org\seleniumhq\selenium\selenium-java\3.13.0\selenium-java-3.13.0.jar;C:\Users\EAAMRVD\.m2\repository\org\seleniumhq\selenium\selenium-api\3.9.1\selenium-api-3.9.1.jar;C:\Users\EAAMRVD\.m2\repository\org\seleniumhq\selenium\selenium-chrome-driver\3.9.1\selenium-chrome-driver-3.9.1.jar;C:\Users\EAAMRVD\.m2\repository\org\seleniumhq\selenium\selenium-edge-driver\3.9.1\selenium-edge-driver-3.9.1.jar;C:\Users\EAAMRVD\.m2\repository\org\seleniumhq\selenium\selenium-firefox-driver\3.9.1\selenium-firefox-driver-3.9.1.jar;C:\Users\EAAMRVD\.m2\repository\org\seleniumhq\selenium\selenium-ie-driver\3.9.1\selenium-ie-driver-3.9.1.jar;C:\Users\EAAMRVD\.m2\repository\org\seleniumhq\selenium\selenium-opera-driver\3.9.1\selenium-opera-driver-3.9.1.jar;C:\Users\EAAMRVD\.m2\repository\org\seleniumhq\selenium\selenium-remote-driver\3.9.1\selenium-remote-driver-3.9.1.jar;C:\Users\EAAMRVD\.m2\repository\org\seleniumhq\selenium\selenium-safari-driver\3.9.1\selenium-safari-driver-3.9.1.jar;C:\Users\EAAMRVD\.m2\repository\org\seleniumhq\selenium\selenium-support\3.9.1\selenium-support-3.9.1.jar;C:\Users\EAAMRVD\.m2\repository\net\bytebuddy\byte-buddy\1.7.11\byte-buddy-1.7.11.jar;C:\Users\EAAMRVD\.m2\repository\org\apache\commons\commons-exec\1.3\commons-exec-1.3.jar;C:\Users\EAAMRVD\.m2\repository\commons-codec\commons-codec\1.11\commons-codec-1.11.jar;C:\Users\EAAMRVD\.m2\repository\com\google\code\gson\gson\2.8.4\gson-2.8.4.jar;C:\Users\EAAMRVD\.m2\repository\com\google\guava\guava\25.0-jre\guava-25.0-jre.jar;C:\Users\EAAMRVD\.m2\repository\com\google\code\findbugs\jsr305\1.3.9\jsr305-1.3.9.jar;C:\Users\EAAMRVD\.m2\repository\org\checkerframework\checker-compat-qual\2.0.0\checker-compat-qual-2.0.0.jar;C:\Users\EAAMRVD\.m2\repository\com\google\errorprone\error_prone_annotations\2.1.3\error_prone_annotations-2.1.3.jar;C:\Users\EAAMRVD\.m2\repository\com\google\j2objc\j2objc-annotations\1.1\j2objc-annotations-1.1.jar;C:\Users\EAAMRVD\.m2\repository\org\codehaus\mojo\animal-sniffer-annotations\1.14\animal-sniffer-annotations-1.14.jar;C:\Users\EAAMRVD\.m2\repository\org\apache\httpcomponents\httpclient\4.5.5\httpclient-4.5.5.jar;C:\Users\EAAMRVD\.m2\repository\org\apache\httpcomponents\httpcore\4.4.9\httpcore-4.4.9.jar;C:\Users\EAAMRVD\.m2\repository\com\squareup\okhttp3\okhttp\3.10.0\okhttp-3.10.0.jar;C:\Users\EAAMRVD\.m2\repository\com\squareup\okio\okio\1.14.1\okio-1.14.1.jar;C:\Users\EAAMRVD\.m2\repository\org\mockito\mockito-all\1.9.5\mockito-all-1.9.5.jar;C:\Users\EAAMRVD\.m2\repository\org\springframework\boot\spring-boot-starter-test\2.0.2.RELEASE\spring-boot-starter-test-2.0.2.RELEASE.jar;C:\Users\EAAMRVD\.m2\repository\org\springframework\boot\spring-boot-test\2.0.2.RELEASE\spring-boot-test-2.0.2.RELEASE.jar;C:\Users\EAAMRVD\.m2\repository\org\springframework\boot\spring-boot-test-autoconfigure\2.0.2.RELEASE\spring-boot-test-autoconfigure-2.0.2.RELEASE.jar;C:\Users\EAAMRVD\.m2\repository\com\jayway\jsonpath\json-path\2.4.0\json-path-2.4.0.jar;C:\Users\EAAMRVD\.m2\repository\net\minidev\json-smart\2.3\json-smart-2.3.jar;C:\Users\EAAMRVD\.m2\repository\net\minidev\accessors-smart\1.2\accessors-smart-1.2.jar;C:\Users\EAAMRVD\.m2\repository\org\ow2\asm\asm\5.0.4\asm-5.0.4.jar;C:\Users\EAAMRVD\.m2\repository\org\slf4j\slf4j-api\1.7.25\slf4j-api-1.7.25.jar;C:\Users\EAAMRVD\.m2\repository\org\assertj\assertj-core\3.9.1\assertj-core-3.9.1.jar;C:\Users\EAAMRVD\.m2\repository\org\mockito\mockito-core\2.15.0\mockito-core-2.15.0.jar;C:\Users\EAAMRVD\.m2\repository\net\bytebuddy\byte-buddy-agent\1.7.11\byte-buddy-agent-1.7.11.jar;C:\Users\EAAMRVD\.m2\repository\org\objenesis\objenesis\2.6\objenesis-2.6.jar;C:\Users\EAAMRVD\.m2\repository\org\hamcrest\hamcrest-core\1.3\hamcrest-core-1.3.jar;C:\Users\EAAMRVD\.m2\repository\org\hamcrest\hamcrest-library\1.3\hamcrest-library-1.3.jar;C:\Users\EAAMRVD\.m2\repository\org\skyscreamer\jsonassert\1.5.0\jsonassert-1.5.0.jar;C:\Users\EAAMRVD\.m2\repository\com\vaadin\external\google\android-json\0.0.20131108.vaadin1\android-json-0.0.20131108.vaadin1.jar;C:\Users\EAAMRVD\.m2\repository\org\springframework\spring-core\5.0.6.RELEASE\spring-core-5.0.6.RELEASE.jar;C:\Users\EAAMRVD\.m2\repository\org\springframework\spring-jcl\5.0.6.RELEASE\spring-jcl-5.0.6.RELEASE.jar;C:\Users\EAAMRVD\.m2\repository\org\springframework\spring-test\5.0.6.RELEASE\spring-test-5.0.6.RELEASE.jar;C:\Users\EAAMRVD\.m2\repository\org\xmlunit\xmlunit-core\2.5.1\xmlunit-core-2.5.1.jar;C:\Users\EAAMRVD\.m2\repository\junit\junit\4.12\junit-4.12.jar;C:\Users\EAAMRVD\.m2\repository\org\codehaus\groovy\groovy-all\2.4.0\groovy-all-2.4.0.jar;C:\Users\EAAMRVD\.m2\repository\org\spockframework\spock-core\1.1-groovy-2.4\spock-core-1.1-groovy-2.4.jar;C:\Users\EAAMRVD\.m2\repository\org\spockframework\spock-spring\1.1-groovy-2.4\spock-spring-1.1-groovy-2.4.jar;C:\Users\EAAMRVD\.m2\repository\info\cukes\cucumber-java\1.2.5\cucumber-java-1.2.5.jar;C:\Users\EAAMRVD\.m2\repository\info\cukes\cucumber-core\1.2.5\cucumber-core-1.2.5.jar;C:\Users\EAAMRVD\.m2\repository\info\cukes\cucumber-html\0.2.3\cucumber-html-0.2.3.jar;C:\Users\EAAMRVD\.m2\repository\info\cukes\cucumber-jvm-deps\1.0.5\cucumber-jvm-deps-1.0.5.jar;C:\Users\EAAMRVD\.m2\repository\info\cukes\gherkin\2.12.2\gherkin-2.12.2.jar;C:\Users\EAAMRVD\.m2\repository\info\cukes\cucumber-junit\1.2.5\cucumber-junit-1.2.5.jar;C:\Users\EAAMRVD\.m2\repository\commons-logging\commons-logging\1.2\commons-logging-1.2.jar;C:\Users\EAAMRVD\.m2\repository\org\hamcrest\hamcrest-all\1.3\hamcrest-all-1.3.jar;C:\Users\EAAMRVD\.m2\repository\cglib\cglib-nodep\3.1\cglib-nodep-3.1.jar;, user.name=eaamrvd, java.vm.specification.version=1.8, sun.java.command=C:\Users\EAAMRVD\AppData\Local\Temp\surefirebooter5114121153763729501.jar C:\Users\EAAMRVD\AppData\Local\Temp\surefire441159000622804608tmp C:\Users\EAAMRVD\AppData\Local\Temp\surefire2807191406441091663tmp, java.home=C:\Program Files\Java\jdk1.8.0_171\jre, sun.arch.data.model=64, user.language=en, java.specification.vendor=Oracle Corporation, awt.toolkit=sun.awt.windows.WToolkit, java.vm.info=mixed mode, java.version=1.8.0_171, java.ext.dirs=C:\Program Files\Java\jdk1.8.0_171\jre\lib\ext;C:\WINDOWS\Sun\Java\lib\ext, sun.boot.class.path=C:\Program Files\Java\jdk1.8.0_171\jre\lib\resources.jar;C:\Program Files\Java\jdk1.8.0_171\jre\lib\rt.jar;C:\Program Files\Java\jdk1.8.0_171\jre\lib\sunrsasign.jar;C:\Program Files\Java\jdk1.8.0_171\jre\lib\jsse.jar;C:\Program Files\Java\jdk1.8.0_171\jre\lib\jce.jar;C:\Program Files\Java\jdk1.8.0_171\jre\lib\charsets.jar;C:\Program Files\Java\jdk1.8.0_171\jre\lib\jfr.jar;C:\Program Files\Java\jdk1.8.0_171\jre\classes, java.vendor=Oracle Corporation, localRepository=C:\Users\EAAMRVD\.m2\repository, file.separator=\, java.vendor.url.bug=http://bugreport.sun.com/bugreport/, sun.io.unicode.encoding=UnicodeLittle, sun.cpu.endian=little, sun.desktop=windows, sun.cpu.isalist=amd64}}, SystemEnvironmentPropertySource@871790326 {name=&apos;systemEnvironment&apos;, properties={PATH=C:/Program Files/Java/jre1.8.0_171/bin/server;C:/Program Files/Java/jre1.8.0_171/bin;C:/Program Files/Java/jre1.8.0_171/lib/amd64;C:\Program Files (x86)\Intel\iCLS Client\;C:\Program Files\Intel\iCLS Client\;C:\Program Files (x86)\Common Files\Oracle\Java\javapath;C:\ProgramData\Oracle\Java\javapath;C:\WINDOWS\system32;C:\WINDOWS;C:\WINDOWS\System32\Wbem;C:\WINDOWS\System32\WindowsPowerShell\v1.0\;C:\WINDOWS\system32;C:\WINDOWS;C:\WINDOWS\System32\Wbem;C:\Program Files (x86)\SQL11\DLL;C:\Program Files (x86)\SQL11\BIN;C:\Program Files (x86)\CheckPoint\Endpoint Security\Endpoint Common\bin;C:\Program Files\nodejs\;C:\Program Files\Git\cmd;C:\Program Files\Git\mingw64\bin;C:\Program Files\Git\usr\bin;C:\Program Files\Intel\Intel(R) Management Engine Components\DAL;C:\Program Files\Intel\Intel(R) Management Engine Components\IPT;C:\Program Files (x86)\Intel\Intel(R) Management Engine Components\DAL;C:\Program Files (x86)\Intel\Intel(R) Management Engine Components\IPT;C:\Software\Maven\apache-maven-3.5.3\bin;C:\Users\EAAMRVD\AppData\Roaming\npm;C:\Program Files\Docker Toolbox;C:\Software\eclipse;, USERDOMAIN_ROAMINGPROFILE=ERICSSON, NO_PROXY=192.168.99.100, PROCESSOR_LEVEL=6, SYSTEMDRIVE=C:, FP_NO_HOST_CHECK=NO, SESSIONNAME=Console, ALLUSERSPROFILE=C:\ProgramData, DADIR=C:\Program Files (x86)\CheckPoint\Endpoint Security\Endpoint Common, PROCESSOR_ARCHITECTURE=AMD64, SYBASE=C:\Program Files (x86)\SQL11, MAVEN_HOME=C:\Software\Maven\apache-maven-3.5.3, PROGRAMFILES=C:\Program Files, PSMODULEPATH=C:\WINDOWS\system32\WindowsPowerShell\v1.0\Modules\, PROGRAMDATA=C:\ProgramData, USERNAME=eaamrvd, USERDNSDOMAIN=ERICSSON.SE, PATHEXT=.COM;.EXE;.BAT;.CMD;.VBS;.VBE;.JS;.JSE;.WSF;.WSH;.MSC, COMPOSE_CONVERT_WINDOWS_PATHS=true, WINDIR=C:\WINDOWS, ADAPTIVACLIENT=&quot;C:\Program Files (x86)\Adaptiva\AdaptivaClient&quot;, HOMEPATH=\Users\EAAMRVD, PROCESSOR_IDENTIFIER=Intel64 Family 6 Model 58 Stepping 9, GenuineIntel, WINDOWS_TRACING_LOGFILE=C:\BVTBin\Tests\installpackage\csilogfile.log, M2_HOME=C:\Software\Maven\apache-maven-3.5.3, PUBLIC=C:\Users\Public, =::=::\, LOCALAPPDATA=C:\Users\EAAMRVD\AppData\Local, COMMONPROGRAMFILES(X86)=C:\Program Files (x86)\Common Files, DOCKER_HOST=tcp://192.168.99.100:2376, USERDOMAIN=ERICSSON, LOGONSERVER=\\SESBIWEGAD00006, PROMPT=$P$G, PROGRAMFILES(X86)=C:\Program Files (x86), WINDOWS_TRACING_FLAGS=3, =C:=C:\repo_internship_project_master\com.calculator, APPDATA=C:\Users\EAAMRVD\AppData\Roaming, DOCKER_MACHINE_NAME=default, DOCKER_CERT_PATH=C:\Users\EAAMRVD\.docker\machine\machines\default, PROGRAMW6432=C:\Program Files, SYSTEMROOT=C:\WINDOWS, VBOX_MSI_INSTALL_PATH=C:\Program Files\Oracle\VirtualBox\, LIB=C:\Program Files (x86)\sql11\LIB, OS=Windows_NT, COMMONPROGRAMW6432=C:\Program Files\Common Files, COMPUTERNAME=IE00203661, COMMONPROGRAMFILES=C:\Program Files\Common Files, COMSPEC=C:\WINDOWS\system32\cmd.exe, PROCESSOR_REVISION=3a09, UATDATA=C:\WINDOWS\CCM\UATData\D9F8C395-CAB8-491d-B8AC-179A1FE1BE77, DOCKER_TLS_VERIFY=1, TEMP=C:\Users\EAAMRVD\AppData\Local\Temp, HOMEDRIVE=C:, USERPROFILE=C:\Users\EAAMRVD, TMP=C:\Users\EAAMRVD\AppData\Local\Temp, NUMBER_OF_PROCESSORS=4, DOCKER_TOOLBOX_INSTALL_PATH=C:\Program Files\Docker Toolbox, HOME=C:\USERS\EAAMRVD}}]
10:14:51.881 [main] DEBUG org.springframework.test.context.support.TestPropertySourceUtils - Adding inlined properties to environment: {spring.jmx.enabled=false, org.springframework.boot.test.autoconfigure.web.servlet.WebMvcTestContextBootstrapper=true, server.port=-1}
10:14:51.881 [main] DEBUG org.springframework.core.env.StandardEnvironment - Adding PropertySource &apos;Inlined Test Properties&apos; with highest search precedence

  .   ____          _            __ _ _
 /\\ / ___&apos;_ __ _ _(_)_ __  __ _ \ \ \ \
( ( )\___ | &apos;_ | &apos;_| | &apos;_ \/ _` | \ \ \ \
 \\/  ___)| |_)| | | | | || (_| |  ) ) ) )
  &apos;  |____| .__|_| |_|_| |_\__, | / / / /
 =========|_|==============|___/=/_/_/_/
 :: Spring Boot ::        (v2.0.2.RELEASE)

2018-06-29 10:14:52.493  INFO 5480 --- [           main] webLayer.CalculatorWSTest                : Starting CalculatorWSTest on IE00203661 with PID 5480 (C:\repo_internship_project_master\com.calculator\target\test-classes started by eaamrvd in C:\repo_internship_project_master\com.calculator)
2018-06-29 10:14:52.513  INFO 5480 --- [           main] webLayer.CalculatorWSTest                : No active profile set, falling back to default profiles: default
2018-06-29 10:14:52.576  INFO 5480 --- [           main] o.s.w.c.s.GenericWebApplicationContext   : Refreshing org.springframework.web.context.support.GenericWebApplicationContext@7f36662c: startup date [Fri Jun 29 10:14:52 BST 2018]; root of context hierarchy
2018-06-29 10:14:54.291  WARN 5480 --- [           main] o.s.w.c.s.GenericWebApplicationContext   : Exception encountered during context initialization - cancelling refresh attempt: org.springframework.beans.factory.UnsatisfiedDependencyException: Error creating bean with name &apos;operationContext&apos; defined in file [C:\repo_internship_project_master\com.calculator\target\classes\businessLayer\OperationContext.class]: Unsatisfied dependency expressed through constructor parameter 0; nested exception is org.springframework.beans.factory.NoSuchBeanDefinitionException: No qualifying bean of type &apos;businessLayer.api.CalculatorStrategy&apos; available: expected at least 1 bean which qualifies as autowire candidate. Dependency annotations: {}
2018-06-29 10:14:54.298  INFO 5480 --- [           main] ConditionEvaluationReportLoggingListener : 

Error starting ApplicationContext. To display the conditions report re-run your application with &apos;debug&apos; enabled.
2018-06-29 10:14:54.344 ERROR 5480 --- [           main] o.s.b.d.LoggingFailureAnalysisReporter   : 

***************************
APPLICATION FAILED TO START
***************************

Description:

Parameter 0 of constructor in businessLayer.OperationContext required a bean of type &apos;businessLayer.api.CalculatorStrategy&apos; that could not be found.


Action:

Consider defining a bean of type &apos;businessLayer.api.CalculatorStrategy&apos; in your configuration.


  .   ____          _            __ _ _
 /\\ / ___&apos;_ __ _ _(_)_ __  __ _ \ \ \ \
( ( )\___ | &apos;_ | &apos;_| | &apos;_ \/ _` | \ \ \ \
 \\/  ___)| |_)| | | | | || (_| |  ) ) ) )
  &apos;  |____| .__|_| |_|_| |_\__, | / / / /
 =========|_|==============|___/=/_/_/_/
 :: Spring Boot ::        (v2.0.2.RELEASE)

2018-06-29 10:14:54.407  INFO 5480 --- [           main] webLayer.CalculatorWSTest                : Starting CalculatorWSTest on IE00203661 with PID 5480 (C:\repo_internship_project_master\com.calculator\target\test-classes started by eaamrvd in C:\repo_internship_project_master\com.calculator)
2018-06-29 10:14:54.410  INFO 5480 --- [           main] webLayer.CalculatorWSTest                : No active profile set, falling back to default profiles: default
2018-06-29 10:14:54.414  INFO 5480 --- [           main] o.s.w.c.s.GenericWebApplicationContext   : Refreshing org.springframework.web.context.support.GenericWebApplicationContext@60723d6a: startup date [Fri Jun 29 10:14:54 BST 2018]; root of context hierarchy
2018-06-29 10:14:54.843  WARN 5480 --- [           main] o.s.w.c.s.GenericWebApplicationContext   : Exception encountered during context initialization - cancelling refresh attempt: org.springframework.beans.factory.UnsatisfiedDependencyException: Error creating bean with name &apos;operationContext&apos; defined in file [C:\repo_internship_project_master\com.calculator\target\classes\businessLayer\OperationContext.class]: Unsatisfied dependency expressed through constructor parameter 0; nested exception is org.springframework.beans.factory.NoSuchBeanDefinitionException: No qualifying bean of type &apos;businessLayer.api.CalculatorStrategy&apos; available: expected at least 1 bean which qualifies as autowire candidate. Dependency annotations: {}
2018-06-29 10:14:54.846  INFO 5480 --- [           main] ConditionEvaluationReportLoggingListener : 

Error starting ApplicationContext. To display the conditions report re-run your application with &apos;debug&apos; enabled.
2018-06-29 10:14:54.892 ERROR 5480 --- [           main] o.s.b.d.LoggingFailureAnalysisReporter   : 

***************************
APPLICATION FAILED TO START
***************************

Description:

Parameter 0 of constructor in businessLayer.OperationContext required a bean of type &apos;businessLayer.api.CalculatorStrategy&apos; that could not be found.


Action:

Consider defining a bean of type &apos;businessLayer.api.CalculatorStrategy&apos; in your configuration.

2018-06-29 10:14:54.904 ERROR 5480 --- [           main] o.s.test.context.TestContextManager      : Caught exception while allowing TestExecutionListener [org.springframework.boot.test.autoconfigure.SpringBootDependencyInjectionTestExecutionListener@1a4927d6] to prepare test instance [webLayer.CalculatorWSTest@508dec2b]

java.lang.IllegalStateException: Failed to load ApplicationContext
	at org.springframework.test.context.cache.DefaultCacheAwareContextLoaderDelegate.loadContext(DefaultCacheAwareContextLoaderDelegate.java:125) ~[spring-test-5.0.6.RELEASE.jar:5.0.6.RELEASE]
	at org.springframework.test.context.support.DefaultTestContext.getApplicationContext(DefaultTestContext.java:108) ~[spring-test-5.0.6.RELEASE.jar:5.0.6.RELEASE]
	at org.springframework.test.context.support.DependencyInjectionTestExecutionListener.injectDependencies(DependencyInjectionTestExecutionListener.java:117) ~[spring-test-5.0.6.RELEASE.jar:5.0.6.RELEASE]
	at org.springframework.test.context.support.DependencyInjectionTestExecutionListener.prepareTestInstance(DependencyInjectionTestExecutionListener.java:83) ~[spring-test-5.0.6.RELEASE.jar:5.0.6.RELEASE]
	at org.springframework.boot.test.autoconfigure.SpringBootDependencyInjectionTestExecutionListener.prepareTestInstance(SpringBootDependencyInjectionTestExecutionListener.java:44) ~[spring-boot-test-autoconfigure-2.0.2.RELEASE.jar:2.0.2.RELEASE]
	at org.springframework.test.context.TestContextManager.prepareTestInstance(TestContextManager.java:246) ~[spring-test-5.0.6.RELEASE.jar:5.0.6.RELEASE]
	at org.spockframework.spring.SpringTestContextManager.prepareTestInstance(SpringTestContextManager.java:50) [spock-spring-1.1-groovy-2.4.jar:na]
	at org.spockframework.spring.SpringInterceptor.interceptSetupMethod(SpringInterceptor.java:42) [spock-spring-1.1-groovy-2.4.jar:na]
	at org.spockframework.runtime.extension.AbstractMethodInterceptor.intercept(AbstractMethodInterceptor.java:28) [spock-core-1.1-groovy-2.4.jar:na]
	at org.spockframework.runtime.extension.MethodInvocation.proceed(MethodInvocation.java:87) [spock-core-1.1-groovy-2.4.jar:na]
	at org.spockframework.runtime.BaseSpecRunner.invoke(BaseSpecRunner.java:472) [spock-core-1.1-groovy-2.4.jar:na]
	at org.spockframework.runtime.BaseSpecRunner.runSetup(BaseSpecRunner.java:375) [spock-core-1.1-groovy-2.4.jar:na]
	at org.spockframework.runtime.BaseSpecRunner.runSetup(BaseSpecRunner.java:370) [spock-core-1.1-groovy-2.4.jar:na]
	at org.spockframework.runtime.BaseSpecRunner.doRunIteration(BaseSpecRunner.java:323) [spock-core-1.1-groovy-2.4.jar:na]
	at org.spockframework.runtime.BaseSpecRunner$6.invoke(BaseSpecRunner.java:309) [spock-core-1.1-groovy-2.4.jar:na]
	at org.spockframework.runtime.BaseSpecRunner.invokeRaw(BaseSpecRunner.java:481) [spock-core-1.1-groovy-2.4.jar:na]
	at org.spockframework.runtime.BaseSpecRunner.invoke(BaseSpecRunner.java:464) [spock-core-1.1-groovy-2.4.jar:na]
	at org.spockframework.runtime.BaseSpecRunner.runIteration(BaseSpecRunner.java:288) [spock-core-1.1-groovy-2.4.jar:na]
	at org.spockframework.runtime.BaseSpecRunner.initializeAndRunIteration(BaseSpecRunner.java:278) [spock-core-1.1-groovy-2.4.jar:na]
	at org.spockframework.runtime.BaseSpecRunner.runSimpleFeature(BaseSpecRunner.java:269) [spock-core-1.1-groovy-2.4.jar:na]
	at org.spockframework.runtime.BaseSpecRunner.doRunFeature(BaseSpecRunner.java:263) [spock-core-1.1-groovy-2.4.jar:na]
	at org.spockframework.runtime.BaseSpecRunner$5.invoke(BaseSpecRunner.java:246) [spock-core-1.1-groovy-2.4.jar:na]
	at org.spockframework.runtime.BaseSpecRunner.invokeRaw(BaseSpecRunner.java:481) [spock-core-1.1-groovy-2.4.jar:na]
	at org.spockframework.runtime.BaseSpecRunner.invoke(BaseSpecRunner.java:464) [spock-core-1.1-groovy-2.4.jar:na]
	at org.spockframework.runtime.BaseSpecRunner.runFeature(BaseSpecRunner.java:238) [spock-core-1.1-groovy-2.4.jar:na]
	at org.spockframework.runtime.BaseSpecRunner.runFeatures(BaseSpecRunner.java:188) [spock-core-1.1-groovy-2.4.jar:na]
	at org.spockframework.runtime.BaseSpecRunner.doRunSpec(BaseSpecRunner.java:98) [spock-core-1.1-groovy-2.4.jar:na]
	at org.spockframework.runtime.BaseSpecRunner$1.invoke(BaseSpecRunner.java:84) [spock-core-1.1-groovy-2.4.jar:na]
	at org.spockframework.runtime.BaseSpecRunner.invokeRaw(BaseSpecRunner.java:481) [spock-core-1.1-groovy-2.4.jar:na]
	at org.spockframework.runtime.BaseSpecRunner.invoke(BaseSpecRunner.java:464) [spock-core-1.1-groovy-2.4.jar:na]
	at org.spockframework.runtime.BaseSpecRunner.runSpec(BaseSpecRunner.java:76) [spock-core-1.1-groovy-2.4.jar:na]
	at org.spockframework.runtime.BaseSpecRunner.run(BaseSpecRunner.java:67) [spock-core-1.1-groovy-2.4.jar:na]
	at org.spockframework.runtime.Sputnik.run(Sputnik.java:63) [spock-core-1.1-groovy-2.4.jar:na]
	at org.apache.maven.surefire.junit4.JUnit4TestSet.execute(JUnit4TestSet.java:59) [surefire-junit4-2.6.jar:2.6]
	at org.apache.maven.surefire.suite.AbstractDirectoryTestSuite.executeTestSet(AbstractDirectoryTestSuite.java:120) [surefire-api-2.6.jar:2.6]
	at org.apache.maven.surefire.suite.AbstractDirectoryTestSuite.execute(AbstractDirectoryTestSuite.java:103) [surefire-api-2.6.jar:2.6]
	at org.apache.maven.surefire.Surefire.run(Surefire.java:169) [surefire-api-2.6.jar:2.6]
	at sun.reflect.NativeMethodAccessorImpl.invoke0(Native Method) ~[na:1.8.0_171]
	at sun.reflect.NativeMethodAccessorImpl.invoke(NativeMethodAccessorImpl.java:62) ~[na:1.8.0_171]
	at sun.reflect.DelegatingMethodAccessorImpl.invoke(DelegatingMethodAccessorImpl.java:43) ~[na:1.8.0_171]
	at java.lang.reflect.Method.invoke(Method.java:498) ~[na:1.8.0_171]
	at org.apache.maven.surefire.booter.SurefireBooter.runSuitesInProcess(SurefireBooter.java:350) [surefire-booter-2.6.jar:2.6]
	at org.apache.maven.surefire.booter.SurefireBooter.main(SurefireBooter.java:1021) [surefire-booter-2.6.jar:2.6]
Caused by: org.springframework.beans.factory.UnsatisfiedDependencyException: Error creating bean with name &apos;operationContext&apos; defined in file [C:\repo_internship_project_master\com.calculator\target\classes\businessLayer\OperationContext.class]: Unsatisfied dependency expressed through constructor parameter 0; nested exception is org.springframework.beans.factory.NoSuchBeanDefinitionException: No qualifying bean of type &apos;businessLayer.api.CalculatorStrategy&apos; available: expected at least 1 bean which qualifies as autowire candidate. Dependency annotations: {}
	at org.springframework.beans.factory.support.ConstructorResolver.createArgumentArray(ConstructorResolver.java:729) ~[spring-beans-5.0.6.RELEASE.jar:5.0.6.RELEASE]
	at org.springframework.beans.factory.support.ConstructorResolver.autowireConstructor(ConstructorResolver.java:192) ~[spring-beans-5.0.6.RELEASE.jar:5.0.6.RELEASE]
	at org.springframework.beans.factory.support.AbstractAutowireCapableBeanFactory.autowireConstructor(AbstractAutowireCapableBeanFactory.java:1274) ~[spring-beans-5.0.6.RELEASE.jar:5.0.6.RELEASE]
	at org.springframework.beans.factory.support.AbstractAutowireCapableBeanFactory.createBeanInstance(AbstractAutowireCapableBeanFactory.java:1131) ~[spring-beans-5.0.6.RELEASE.jar:5.0.6.RELEASE]
	at org.springframework.beans.factory.support.AbstractAutowireCapableBeanFactory.doCreateBean(AbstractAutowireCapableBeanFactory.java:541) ~[spring-beans-5.0.6.RELEASE.jar:5.0.6.RELEASE]
	at org.springframework.beans.factory.support.AbstractAutowireCapableBeanFactory.createBean(AbstractAutowireCapableBeanFactory.java:501) ~[spring-beans-5.0.6.RELEASE.jar:5.0.6.RELEASE]
	at org.springframework.beans.factory.support.AbstractBeanFactory.lambda$doGetBean$0(AbstractBeanFactory.java:317) ~[spring-beans-5.0.6.RELEASE.jar:5.0.6.RELEASE]
	at org.springframework.beans.factory.support.DefaultSingletonBeanRegistry.getSingleton(DefaultSingletonBeanRegistry.java:228) ~[spring-beans-5.0.6.RELEASE.jar:5.0.6.RELEASE]
	at org.springframework.beans.factory.support.AbstractBeanFactory.doGetBean(AbstractBeanFactory.java:315) ~[spring-beans-5.0.6.RELEASE.jar:5.0.6.RELEASE]
	at org.springframework.beans.factory.support.AbstractBeanFactory.getBean(AbstractBeanFactory.java:199) ~[spring-beans-5.0.6.RELEASE.jar:5.0.6.RELEASE]
	at org.springframework.beans.factory.support.DefaultListableBeanFactory.preInstantiateSingletons(DefaultListableBeanFactory.java:760) ~[spring-beans-5.0.6.RELEASE.jar:5.0.6.RELEASE]
	at org.springframework.context.support.AbstractApplicationContext.finishBeanFactoryInitialization(AbstractApplicationContext.java:869) ~[spring-context-5.0.6.RELEASE.jar:5.0.6.RELEASE]
	at org.springframework.context.support.AbstractApplicationContext.refresh(AbstractApplicationContext.java:550) ~[spring-context-5.0.6.RELEASE.jar:5.0.6.RELEASE]
	at org.springframework.boot.SpringApplication.refresh(SpringApplication.java:759) ~[spring-boot-2.0.2.RELEASE.jar:2.0.2.RELEASE]
	at org.springframework.boot.SpringApplication.refreshContext(SpringApplication.java:395) ~[spring-boot-2.0.2.RELEASE.jar:2.0.2.RELEASE]
	at org.springframework.boot.SpringApplication.run(SpringApplication.java:327) ~[spring-boot-2.0.2.RELEASE.jar:2.0.2.RELEASE]
	at org.springframework.boot.test.context.SpringBootContextLoader.loadContext(SpringBootContextLoader.java:139) ~[spring-boot-test-2.0.2.RELEASE.jar:2.0.2.RELEASE]
	at org.springframework.test.context.cache.DefaultCacheAwareContextLoaderDelegate.loadContextInternal(DefaultCacheAwareContextLoaderDelegate.java:99) ~[spring-test-5.0.6.RELEASE.jar:5.0.6.RELEASE]
	at org.springframework.test.context.cache.DefaultCacheAwareContextLoaderDelegate.loadContext(DefaultCacheAwareContextLoaderDelegate.java:117) ~[spring-test-5.0.6.RELEASE.jar:5.0.6.RELEASE]
	... 42 common frames omitted
Caused by: org.springframework.beans.factory.NoSuchBeanDefinitionException: No qualifying bean of type &apos;businessLayer.api.CalculatorStrategy&apos; available: expected at least 1 bean which qualifies as autowire candidate. Dependency annotations: {}
	at org.springframework.beans.factory.support.DefaultListableBeanFactory.raiseNoMatchingBeanFound(DefaultListableBeanFactory.java:1509) ~[spring-beans-5.0.6.RELEASE.jar:5.0.6.RELEASE]
	at org.springframework.beans.factory.support.DefaultListableBeanFactory.doResolveDependency(DefaultListableBeanFactory.java:1104) ~[spring-beans-5.0.6.RELEASE.jar:5.0.6.RELEASE]
	at org.springframework.beans.factory.support.DefaultListableBeanFactory.resolveDependency(DefaultListableBeanFactory.java:1065) ~[spring-beans-5.0.6.RELEASE.jar:5.0.6.RELEASE]
	at org.springframework.beans.factory.support.ConstructorResolver.resolveAutowiredArgument(ConstructorResolver.java:815) ~[spring-beans-5.0.6.RELEASE.jar:5.0.6.RELEASE]
	at org.springframework.beans.factory.support.ConstructorResolver.createArgumentArray(ConstructorResolver.java:721) ~[spring-beans-5.0.6.RELEASE.jar:5.0.6.RELEASE]
	... 60 common frames omitted

</system-out>
  </testcase>
  <testcase classname="webLayer.CalculatorWSTest" name="when D and D are passed as Strings #Error:expected is returned as a String along the appropriate http response code" time="0.914">
    <error message="Failed to load ApplicationContext" type="java.lang.IllegalStateException">java.lang.IllegalStateException: Failed to load ApplicationContext
	at org.springframework.test.context.cache.DefaultCacheAwareContextLoaderDelegate.loadContext(DefaultCacheAwareContextLoaderDelegate.java:125)
	at org.springframework.test.context.support.DefaultTestContext.getApplicationContext(DefaultTestContext.java:108)
	at org.springframework.test.context.support.DependencyInjectionTestExecutionListener.injectDependencies(DependencyInjectionTestExecutionListener.java:117)
	at org.springframework.test.context.support.DependencyInjectionTestExecutionListener.prepareTestInstance(DependencyInjectionTestExecutionListener.java:83)
	at org.springframework.boot.test.autoconfigure.SpringBootDependencyInjectionTestExecutionListener.prepareTestInstance(SpringBootDependencyInjectionTestExecutionListener.java:44)
	at org.springframework.test.context.TestContextManager.prepareTestInstance(TestContextManager.java:246)
	at org.spockframework.spring.SpringTestContextManager.prepareTestInstance(SpringTestContextManager.java:50)
	at org.spockframework.spring.SpringInterceptor.interceptSetupMethod(SpringInterceptor.java:42)
	at org.spockframework.runtime.extension.AbstractMethodInterceptor.intercept(AbstractMethodInterceptor.java:28)
	at org.spockframework.runtime.extension.MethodInvocation.proceed(MethodInvocation.java:87)
	at org.apache.maven.surefire.junit4.JUnit4TestSet.execute(JUnit4TestSet.java:59)
	at org.apache.maven.surefire.suite.AbstractDirectoryTestSuite.executeTestSet(AbstractDirectoryTestSuite.java:120)
	at org.apache.maven.surefire.suite.AbstractDirectoryTestSuite.execute(AbstractDirectoryTestSuite.java:103)
	at org.apache.maven.surefire.Surefire.run(Surefire.java:169)
	at org.apache.maven.surefire.booter.SurefireBooter.runSuitesInProcess(SurefireBooter.java:350)
	at org.apache.maven.surefire.booter.SurefireBooter.main(SurefireBooter.java:1021)
Caused by: org.springframework.beans.factory.UnsatisfiedDependencyException: Error creating bean with name &apos;operationContext&apos; defined in file [C:\repo_internship_project_master\com.calculator\target\classes\businessLayer\OperationContext.class]: Unsatisfied dependency expressed through constructor parameter 0; nested exception is org.springframework.beans.factory.NoSuchBeanDefinitionException: No qualifying bean of type &apos;businessLayer.api.CalculatorStrategy&apos; available: expected at least 1 bean which qualifies as autowire candidate. Dependency annotations: {}
	at org.springframework.beans.factory.support.ConstructorResolver.createArgumentArray(ConstructorResolver.java:729)
	at org.springframework.beans.factory.support.ConstructorResolver.autowireConstructor(ConstructorResolver.java:192)
	at org.springframework.beans.factory.support.AbstractAutowireCapableBeanFactory.autowireConstructor(AbstractAutowireCapableBeanFactory.java:1274)
	at org.springframework.beans.factory.support.AbstractAutowireCapableBeanFactory.createBeanInstance(AbstractAutowireCapableBeanFactory.java:1131)
	at org.springframework.beans.factory.support.AbstractAutowireCapableBeanFactory.doCreateBean(AbstractAutowireCapableBeanFactory.java:541)
	at org.springframework.beans.factory.support.AbstractAutowireCapableBeanFactory.createBean(AbstractAutowireCapableBeanFactory.java:501)
	at org.springframework.beans.factory.support.AbstractBeanFactory.lambda$doGetBean$0(AbstractBeanFactory.java:317)
	at org.springframework.beans.factory.support.DefaultSingletonBeanRegistry.getSingleton(DefaultSingletonBeanRegistry.java:228)
	at org.springframework.beans.factory.support.AbstractBeanFactory.doGetBean(AbstractBeanFactory.java:315)
	at org.springframework.beans.factory.support.AbstractBeanFactory.getBean(AbstractBeanFactory.java:199)
	at org.springframework.beans.factory.support.DefaultListableBeanFactory.preInstantiateSingletons(DefaultListableBeanFactory.java:760)
	at org.springframework.context.support.AbstractApplicationContext.finishBeanFactoryInitialization(AbstractApplicationContext.java:869)
	at org.springframework.context.support.AbstractApplicationContext.refresh(AbstractApplicationContext.java:550)
	at org.springframework.boot.SpringApplication.refresh(SpringApplication.java:759)
	at org.springframework.boot.SpringApplication.refreshContext(SpringApplication.java:395)
	at org.springframework.boot.SpringApplication.run(SpringApplication.java:327)
	at org.springframework.boot.test.context.SpringBootContextLoader.loadContext(SpringBootContextLoader.java:139)
	at org.springframework.test.context.cache.DefaultCacheAwareContextLoaderDelegate.loadContextInternal(DefaultCacheAwareContextLoaderDelegate.java:99)
	at org.springframework.test.context.cache.DefaultCacheAwareContextLoaderDelegate.loadContext(DefaultCacheAwareContextLoaderDelegate.java:117)
	... 15 more
Caused by: org.springframework.beans.factory.NoSuchBeanDefinitionException: No qualifying bean of type &apos;businessLayer.api.CalculatorStrategy&apos; available: expected at least 1 bean which qualifies as autowire candidate. Dependency annotations: {}
	at org.springframework.beans.factory.support.DefaultListableBeanFactory.raiseNoMatchingBeanFound(DefaultListableBeanFactory.java:1509)
	at org.springframework.beans.factory.support.DefaultListableBeanFactory.doResolveDependency(DefaultListableBeanFactory.java:1104)
	at org.springframework.beans.factory.support.DefaultListableBeanFactory.resolveDependency(DefaultListableBeanFactory.java:1065)
	at org.springframework.beans.factory.support.ConstructorResolver.resolveAutowiredArgument(ConstructorResolver.java:815)
	at org.springframework.beans.factory.support.ConstructorResolver.createArgumentArray(ConstructorResolver.java:721)
	... 33 more
</error>
    <system-out>
  .   ____          _            __ _ _
 /\\ / ___&apos;_ __ _ _(_)_ __  __ _ \ \ \ \
( ( )\___ | &apos;_ | &apos;_| | &apos;_ \/ _` | \ \ \ \
 \\/  ___)| |_)| | | | | || (_| |  ) ) ) )
  &apos;  |____| .__|_| |_|_| |_\__, | / / / /
 =========|_|==============|___/=/_/_/_/
 :: Spring Boot ::        (v2.0.2.RELEASE)

2018-06-29 10:14:55.046  INFO 5480 --- [           main] webLayer.CalculatorWSTest                : Starting CalculatorWSTest on IE00203661 with PID 5480 (C:\repo_internship_project_master\com.calculator\target\test-classes started by eaamrvd in C:\repo_internship_project_master\com.calculator)
2018-06-29 10:14:55.048  INFO 5480 --- [           main] webLayer.CalculatorWSTest                : No active profile set, falling back to default profiles: default
2018-06-29 10:14:55.052  INFO 5480 --- [           main] o.s.w.c.s.GenericWebApplicationContext   : Refreshing org.springframework.web.context.support.GenericWebApplicationContext@6f7e336b: startup date [Fri Jun 29 10:14:55 BST 2018]; root of context hierarchy
2018-06-29 10:14:55.418  WARN 5480 --- [           main] o.s.w.c.s.GenericWebApplicationContext   : Exception encountered during context initialization - cancelling refresh attempt: org.springframework.beans.factory.UnsatisfiedDependencyException: Error creating bean with name &apos;operationContext&apos; defined in file [C:\repo_internship_project_master\com.calculator\target\classes\businessLayer\OperationContext.class]: Unsatisfied dependency expressed through constructor parameter 0; nested exception is org.springframework.beans.factory.NoSuchBeanDefinitionException: No qualifying bean of type &apos;businessLayer.api.CalculatorStrategy&apos; available: expected at least 1 bean which qualifies as autowire candidate. Dependency annotations: {}
2018-06-29 10:14:55.421  INFO 5480 --- [           main] ConditionEvaluationReportLoggingListener : 

Error starting ApplicationContext. To display the conditions report re-run your application with &apos;debug&apos; enabled.
2018-06-29 10:14:55.459 ERROR 5480 --- [           main] o.s.b.d.LoggingFailureAnalysisReporter   : 

***************************
APPLICATION FAILED TO START
***************************

Description:

Parameter 0 of constructor in businessLayer.OperationContext required a bean of type &apos;businessLayer.api.CalculatorStrategy&apos; that could not be found.


Action:

Consider defining a bean of type &apos;businessLayer.api.CalculatorStrategy&apos; in your configuration.


  .   ____          _            __ _ _
 /\\ / ___&apos;_ __ _ _(_)_ __  __ _ \ \ \ \
( ( )\___ | &apos;_ | &apos;_| | &apos;_ \/ _` | \ \ \ \
 \\/  ___)| |_)| | | | | || (_| |  ) ) ) )
  &apos;  |____| .__|_| |_|_| |_\__, | / / / /
 =========|_|==============|___/=/_/_/_/
 :: Spring Boot ::        (v2.0.2.RELEASE)

2018-06-29 10:14:55.507  INFO 5480 --- [           main] webLayer.CalculatorWSTest                : Starting CalculatorWSTest on IE00203661 with PID 5480 (C:\repo_internship_project_master\com.calculator\target\test-classes started by eaamrvd in C:\repo_internship_project_master\com.calculator)
2018-06-29 10:14:55.509  INFO 5480 --- [           main] webLayer.CalculatorWSTest                : No active profile set, falling back to default profiles: default
2018-06-29 10:14:55.514  INFO 5480 --- [           main] o.s.w.c.s.GenericWebApplicationContext   : Refreshing org.springframework.web.context.support.GenericWebApplicationContext@2cec704c: startup date [Fri Jun 29 10:14:55 BST 2018]; root of context hierarchy
2018-06-29 10:14:55.860  WARN 5480 --- [           main] o.s.w.c.s.GenericWebApplicationContext   : Exception encountered during context initialization - cancelling refresh attempt: org.springframework.beans.factory.UnsatisfiedDependencyException: Error creating bean with name &apos;operationContext&apos; defined in file [C:\repo_internship_project_master\com.calculator\target\classes\businessLayer\OperationContext.class]: Unsatisfied dependency expressed through constructor parameter 0; nested exception is org.springframework.beans.factory.NoSuchBeanDefinitionException: No qualifying bean of type &apos;businessLayer.api.CalculatorStrategy&apos; available: expected at least 1 bean which qualifies as autowire candidate. Dependency annotations: {}
2018-06-29 10:14:55.863  INFO 5480 --- [           main] ConditionEvaluationReportLoggingListener : 

Error starting ApplicationContext. To display the conditions report re-run your application with &apos;debug&apos; enabled.
2018-06-29 10:14:55.897 ERROR 5480 --- [           main] o.s.b.d.LoggingFailureAnalysisReporter   : 

***************************
APPLICATION FAILED TO START
***************************

Description:

Parameter 0 of constructor in businessLayer.OperationContext required a bean of type &apos;businessLayer.api.CalculatorStrategy&apos; that could not be found.


Action:

Consider defining a bean of type &apos;businessLayer.api.CalculatorStrategy&apos; in your configuration.

2018-06-29 10:14:55.900 ERROR 5480 --- [           main] o.s.test.context.TestContextManager      : Caught exception while allowing TestExecutionListener [org.springframework.boot.test.autoconfigure.SpringBootDependencyInjectionTestExecutionListener@1a4927d6] to prepare test instance [webLayer.CalculatorWSTest@622fdb81]

java.lang.IllegalStateException: Failed to load ApplicationContext
	at org.springframework.test.context.cache.DefaultCacheAwareContextLoaderDelegate.loadContext(DefaultCacheAwareContextLoaderDelegate.java:125) ~[spring-test-5.0.6.RELEASE.jar:5.0.6.RELEASE]
	at org.springframework.test.context.support.DefaultTestContext.getApplicationContext(DefaultTestContext.java:108) ~[spring-test-5.0.6.RELEASE.jar:5.0.6.RELEASE]
	at org.springframework.test.context.support.DependencyInjectionTestExecutionListener.injectDependencies(DependencyInjectionTestExecutionListener.java:117) ~[spring-test-5.0.6.RELEASE.jar:5.0.6.RELEASE]
	at org.springframework.test.context.support.DependencyInjectionTestExecutionListener.prepareTestInstance(DependencyInjectionTestExecutionListener.java:83) ~[spring-test-5.0.6.RELEASE.jar:5.0.6.RELEASE]
	at org.springframework.boot.test.autoconfigure.SpringBootDependencyInjectionTestExecutionListener.prepareTestInstance(SpringBootDependencyInjectionTestExecutionListener.java:44) ~[spring-boot-test-autoconfigure-2.0.2.RELEASE.jar:2.0.2.RELEASE]
	at org.springframework.test.context.TestContextManager.prepareTestInstance(TestContextManager.java:246) ~[spring-test-5.0.6.RELEASE.jar:5.0.6.RELEASE]
	at org.spockframework.spring.SpringTestContextManager.prepareTestInstance(SpringTestContextManager.java:50) [spock-spring-1.1-groovy-2.4.jar:na]
	at org.spockframework.spring.SpringInterceptor.interceptSetupMethod(SpringInterceptor.java:42) [spock-spring-1.1-groovy-2.4.jar:na]
	at org.spockframework.runtime.extension.AbstractMethodInterceptor.intercept(AbstractMethodInterceptor.java:28) [spock-core-1.1-groovy-2.4.jar:na]
	at org.spockframework.runtime.extension.MethodInvocation.proceed(MethodInvocation.java:87) [spock-core-1.1-groovy-2.4.jar:na]
	at org.spockframework.runtime.BaseSpecRunner.invoke(BaseSpecRunner.java:472) [spock-core-1.1-groovy-2.4.jar:na]
	at org.spockframework.runtime.BaseSpecRunner.runSetup(BaseSpecRunner.java:375) [spock-core-1.1-groovy-2.4.jar:na]
	at org.spockframework.runtime.BaseSpecRunner.runSetup(BaseSpecRunner.java:370) [spock-core-1.1-groovy-2.4.jar:na]
	at org.spockframework.runtime.BaseSpecRunner.doRunIteration(BaseSpecRunner.java:323) [spock-core-1.1-groovy-2.4.jar:na]
	at org.spockframework.runtime.BaseSpecRunner$6.invoke(BaseSpecRunner.java:309) [spock-core-1.1-groovy-2.4.jar:na]
	at org.spockframework.runtime.BaseSpecRunner.invokeRaw(BaseSpecRunner.java:481) [spock-core-1.1-groovy-2.4.jar:na]
	at org.spockframework.runtime.BaseSpecRunner.invoke(BaseSpecRunner.java:464) [spock-core-1.1-groovy-2.4.jar:na]
	at org.spockframework.runtime.BaseSpecRunner.runIteration(BaseSpecRunner.java:288) [spock-core-1.1-groovy-2.4.jar:na]
	at org.spockframework.runtime.BaseSpecRunner.initializeAndRunIteration(BaseSpecRunner.java:278) [spock-core-1.1-groovy-2.4.jar:na]
	at org.spockframework.runtime.ParameterizedSpecRunner.runIterations(ParameterizedSpecRunner.java:139) [spock-core-1.1-groovy-2.4.jar:na]
	at org.spockframework.runtime.ParameterizedSpecRunner.runParameterizedFeature(ParameterizedSpecRunner.java:41) [spock-core-1.1-groovy-2.4.jar:na]
	at org.spockframework.runtime.BaseSpecRunner.doRunFeature(BaseSpecRunner.java:262) [spock-core-1.1-groovy-2.4.jar:na]
	at org.spockframework.runtime.BaseSpecRunner$5.invoke(BaseSpecRunner.java:246) [spock-core-1.1-groovy-2.4.jar:na]
	at org.spockframework.runtime.BaseSpecRunner.invokeRaw(BaseSpecRunner.java:481) [spock-core-1.1-groovy-2.4.jar:na]
	at org.spockframework.runtime.BaseSpecRunner.invoke(BaseSpecRunner.java:464) [spock-core-1.1-groovy-2.4.jar:na]
	at org.spockframework.runtime.BaseSpecRunner.runFeature(BaseSpecRunner.java:238) [spock-core-1.1-groovy-2.4.jar:na]
	at org.spockframework.runtime.BaseSpecRunner.runFeatures(BaseSpecRunner.java:188) [spock-core-1.1-groovy-2.4.jar:na]
	at org.spockframework.runtime.BaseSpecRunner.doRunSpec(BaseSpecRunner.java:98) [spock-core-1.1-groovy-2.4.jar:na]
	at org.spockframework.runtime.BaseSpecRunner$1.invoke(BaseSpecRunner.java:84) [spock-core-1.1-groovy-2.4.jar:na]
	at org.spockframework.runtime.BaseSpecRunner.invokeRaw(BaseSpecRunner.java:481) [spock-core-1.1-groovy-2.4.jar:na]
	at org.spockframework.runtime.BaseSpecRunner.invoke(BaseSpecRunner.java:464) [spock-core-1.1-groovy-2.4.jar:na]
	at org.spockframework.runtime.BaseSpecRunner.runSpec(BaseSpecRunner.java:76) [spock-core-1.1-groovy-2.4.jar:na]
	at org.spockframework.runtime.BaseSpecRunner.run(BaseSpecRunner.java:67) [spock-core-1.1-groovy-2.4.jar:na]
	at org.spockframework.runtime.Sputnik.run(Sputnik.java:63) [spock-core-1.1-groovy-2.4.jar:na]
	at org.apache.maven.surefire.junit4.JUnit4TestSet.execute(JUnit4TestSet.java:59) [surefire-junit4-2.6.jar:2.6]
	at org.apache.maven.surefire.suite.AbstractDirectoryTestSuite.executeTestSet(AbstractDirectoryTestSuite.java:120) [surefire-api-2.6.jar:2.6]
	at org.apache.maven.surefire.suite.AbstractDirectoryTestSuite.execute(AbstractDirectoryTestSuite.java:103) [surefire-api-2.6.jar:2.6]
	at org.apache.maven.surefire.Surefire.run(Surefire.java:169) [surefire-api-2.6.jar:2.6]
	at sun.reflect.NativeMethodAccessorImpl.invoke0(Native Method) ~[na:1.8.0_171]
	at sun.reflect.NativeMethodAccessorImpl.invoke(NativeMethodAccessorImpl.java:62) ~[na:1.8.0_171]
	at sun.reflect.DelegatingMethodAccessorImpl.invoke(DelegatingMethodAccessorImpl.java:43) ~[na:1.8.0_171]
	at java.lang.reflect.Method.invoke(Method.java:498) ~[na:1.8.0_171]
	at org.apache.maven.surefire.booter.SurefireBooter.runSuitesInProcess(SurefireBooter.java:350) [surefire-booter-2.6.jar:2.6]
	at org.apache.maven.surefire.booter.SurefireBooter.main(SurefireBooter.java:1021) [surefire-booter-2.6.jar:2.6]
Caused by: org.springframework.beans.factory.UnsatisfiedDependencyException: Error creating bean with name &apos;operationContext&apos; defined in file [C:\repo_internship_project_master\com.calculator\target\classes\businessLayer\OperationContext.class]: Unsatisfied dependency expressed through constructor parameter 0; nested exception is org.springframework.beans.factory.NoSuchBeanDefinitionException: No qualifying bean of type &apos;businessLayer.api.CalculatorStrategy&apos; available: expected at least 1 bean which qualifies as autowire candidate. Dependency annotations: {}
	at org.springframework.beans.factory.support.ConstructorResolver.createArgumentArray(ConstructorResolver.java:729) ~[spring-beans-5.0.6.RELEASE.jar:5.0.6.RELEASE]
[...]
	at org.apache.maven.surefire.booter.SurefireBooter.main(SurefireBooter.java:1021)
Caused by: org.springframework.beans.factory.UnsatisfiedDependencyException: Error creating bean with name &apos;operationContext&apos; defined in file [C:\repo_internship_project_master\com.calculator\target\classes\businessLayer\OperationContext.class]: Unsatisfied dependency expressed through constructor parameter 0; nested exception is org.springframework.beans.factory.NoSuchBeanDefinitionException: No qualifying bean of type &apos;businessLayer.api.CalculatorStrategy&apos; available: expected at least 1 bean which qualifies as autowire candidate. Dependency annotations: {}
	at org.springframework.beans.factory.support.ConstructorResolver.createArgumentArray(ConstructorResolver.java:729)
	at org.springframework.beans.factory.support.ConstructorResolver.autowireConstructor(ConstructorResolver.java:192)
	at org.springframework.beans.factory.support.AbstractAutowireCapableBeanFactory.autowireConstructor(AbstractAutowireCapableBeanFactory.java:1274)
	at org.springframework.beans.factory.support.AbstractAutowireCapableBeanFactory.createBeanInstance(AbstractAutowireCapableBeanFactory.java:1131)
	at org.springframework.beans.factory.support.AbstractAutowireCapableBeanFactory.doCreateBean(AbstractAutowireCapableBeanFactory.java:541)
	at org.springframework.beans.factory.support.AbstractAutowireCapableBeanFactory.createBean(AbstractAutowireCapableBeanFactory.java:501)
	at org.springframework.beans.factory.support.AbstractBeanFactory.lambda$doGetBean$0(AbstractBeanFactory.java:317)
	at org.springframework.beans.factory.support.DefaultSingletonBeanRegistry.getSingleton(DefaultSingletonBeanRegistry.java:228)
	at org.springframework.beans.factory.support.AbstractBeanFactory.doGetBean(AbstractBeanFactory.java:315)
	at org.springframework.beans.factory.support.AbstractBeanFactory.getBean(AbstractBeanFactory.java:199)
	at org.springframework.beans.factory.support.DefaultListableBeanFactory.preInstantiateSingletons(DefaultListableBeanFactory.java:760)
	at org.springframework.context.support.AbstractApplicationContext.finishBeanFactoryInitialization(AbstractApplicationContext.java:869)
	at org.springframework.context.support.AbstractApplicationContext.refresh(AbstractApplicationContext.java:550)
	at org.springframework.boot.SpringApplication.refresh(SpringApplication.java:759)
	at org.springframework.boot.SpringApplication.refreshContext(SpringApplication.java:395)
	at org.springframework.boot.SpringApplication.run(SpringApplication.java:327)
	at org.springframework.boot.test.context.SpringBootContextLoader.loadContext(SpringBootContextLoader.java:139)
	at org.springframework.test.context.cache.DefaultCacheAwareContextLoaderDelegate.loadContextInternal(DefaultCacheAwareContextLoaderDelegate.java:99)
	at org.springframework.test.context.cache.DefaultCacheAwareContextLoaderDelegate.loadContext(DefaultCacheAwareContextLoaderDelegate.java:117)
	... 15 more
Caused by: org.springframework.beans.factory.NoSuchBeanDefinitionException: No qualifying bean of type &apos;businessLayer.api.CalculatorStrategy&apos; available: expected at least 1 bean which qualifies as autowire candidate. Dependency annotations: {}
	at org.springframework.beans.factory.support.DefaultListableBeanFactory.raiseNoMatchingBeanFound(DefaultListableBeanFactory.java:1509)
	at org.springframework.beans.factory.support.DefaultListableBeanFactory.doResolveDependency(DefaultListableBeanFactory.java:1104)
	at org.springframework.beans.factory.support.DefaultListableBeanFactory.resolveDependency(DefaultListableBeanFactory.java:1065)
	at org.springframework.beans.factory.support.ConstructorResolver.resolveAutowiredArgument(ConstructorResolver.java:815)
	at org.springframework.beans.factory.support.ConstructorResolver.createArgumentArray(ConstructorResolver.java:721)
	... 33 more
</error>
    <system-out>
  .   ____          _            __ _ _
 /\\ / ___&apos;_ __ _ _(_)_ __  __ _ \ \ \ \
( ( )\___ | &apos;_ | &apos;_| | &apos;_ \/ _` | \ \ \ \
 \\/  ___)| |_)| | | | | || (_| |  ) ) ) )
  &apos;  |____| .__|_| |_|_| |_\__, | / / / /
 =========|_|==============|___/=/_/_/_/
 :: Spring Boot ::        (v2.0.2.RELEASE)

2018-06-29 10:15:04.690  INFO 5480 --- [           main] webLayer.CalculatorWSTest                : Starting CalculatorWSTest on IE00203661 with PID 5480 (C:\repo_internship_project_master\com.calculator\target\test-classes started by eaamrvd in C:\repo_internship_project_master\com.calculator)
2018-06-29 10:15:04.691  INFO 5480 --- [           main] webLayer.CalculatorWSTest                : No active profile set, falling back to default profiles: default
2018-06-29 10:15:04.693  INFO 5480 --- [           main] o.s.w.c.s.GenericWebApplicationContext   : Refreshing org.springframework.web.context.support.GenericWebApplicationContext@49c6ee4a: startup date [Fri Jun 29 10:15:04 BST 2018]; root of context hierarchy
2018-06-29 10:15:04.916  WARN 5480 --- [           main] o.s.w.c.s.GenericWebApplicationContext   : Exception encountered during context initialization - cancelling refresh attempt: org.springframework.beans.factory.UnsatisfiedDependencyException: Error creating bean with name &apos;operationContext&apos; defined in file [C:\repo_internship_project_master\com.calculator\target\classes\businessLayer\OperationContext.class]: Unsatisfied dependency expressed through constructor parameter 0; nested exception is org.springframework.beans.factory.NoSuchBeanDefinitionException: No qualifying bean of type &apos;businessLayer.api.CalculatorStrategy&apos; available: expected at least 1 bean which qualifies as autowire candidate. Dependency annotations: {}
2018-06-29 10:15:04.918  INFO 5480 --- [           main] ConditionEvaluationReportLoggingListener : 

Error starting ApplicationContext. To display the conditions report re-run your application with &apos;debug&apos; enabled.
2018-06-29 10:15:04.946 ERROR 5480 --- [           main] o.s.b.d.LoggingFailureAnalysisReporter   : 

***************************
APPLICATION FAILED TO START
***************************

Description:

Parameter 0 of constructor in businessLayer.OperationContext required a bean of type &apos;businessLayer.api.CalculatorStrategy&apos; that could not be found.


Action:

Consider defining a bean of type &apos;businessLayer.api.CalculatorStrategy&apos; in your configuration.


  .   ____          _            __ _ _
 /\\ / ___&apos;_ __ _ _(_)_ __  __ _ \ \ \ \
( ( )\___ | &apos;_ | &apos;_| | &apos;_ \/ _` | \ \ \ \
 \\/  ___)| |_)| | | | | || (_| |  ) ) ) )
  &apos;  |____| .__|_| |_|_| |_\__, | / / / /
 =========|_|==============|___/=/_/_/_/
 :: Spring Boot ::        (v2.0.2.RELEASE)

2018-06-29 10:15:04.980  INFO 5480 --- [           main] webLayer.CalculatorWSTest                : Starting CalculatorWSTest on IE00203661 with PID 5480 (C:\repo_internship_project_master\com.calculator\target\test-classes started by eaamrvd in C:\repo_internship_project_master\com.calculator)
2018-06-29 10:15:04.981  INFO 5480 --- [           main] webLayer.CalculatorWSTest                : No active profile set, falling back to default profiles: default
2018-06-29 10:15:04.983  INFO 5480 --- [           main] o.s.w.c.s.GenericWebApplicationContext   : Refreshing org.springframework.web.context.support.GenericWebApplicationContext@40696fc6: startup date [Fri Jun 29 10:15:04 BST 2018]; root of context hierarchy
2018-06-29 10:15:05.207  WARN 5480 --- [           main] o.s.w.c.s.GenericWebApplicationContext   : Exception encountered during context initialization - cancelling refresh attempt: org.springframework.beans.factory.UnsatisfiedDependencyException: Error creating bean with name &apos;operationContext&apos; defined in file [C:\repo_internship_project_master\com.calculator\target\classes\businessLayer\OperationContext.class]: Unsatisfied dependency expressed through constructor parameter 0; nested exception is org.springframework.beans.factory.NoSuchBeanDefinitionException: No qualifying bean of type &apos;businessLayer.api.CalculatorStrategy&apos; available: expected at least 1 bean which qualifies as autowire candidate. Dependency annotations: {}
2018-06-29 10:15:05.208  INFO 5480 --- [           main] ConditionEvaluationReportLoggingListener : 

Error starting ApplicationContext. To display the conditions report re-run your application with &apos;debug&apos; enabled.
2018-06-29 10:15:05.245 ERROR 5480 --- [           main] o.s.b.d.LoggingFailureAnalysisReporter   : 

***************************
APPLICATION FAILED TO START
***************************

Description:

Parameter 0 of constructor in businessLayer.OperationContext required a bean of type &apos;businessLayer.api.CalculatorStrategy&apos; that could not be found.


Action:

Consider defining a bean of type &apos;businessLayer.api.CalculatorStrategy&apos; in your configuration.

2018-06-29 10:15:05.247 ERROR 5480 --- [           main] o.s.test.context.TestContextManager      : Caught exception while allowing TestExecutionListener [org.springframework.boot.test.autoconfigure.SpringBootDependencyInjectionTestExecutionListener@1a4927d6] to prepare test instance [webLayer.CalculatorWSTest@5c6be812]

java.lang.IllegalStateException: Failed to load ApplicationContext
	at org.springframework.test.context.cache.DefaultCacheAwareContextLoaderDelegate.loadContext(DefaultCacheAwareContextLoaderDelegate.java:125) ~[spring-test-5.0.6.RELEASE.jar:5.0.6.RELEASE]
	at org.springframework.test.context.support.DefaultTestContext.getApplicationContext(DefaultTestContext.java:108) ~[spring-test-5.0.6.RELEASE.jar:5.0.6.RELEASE]
	at org.springframework.test.context.support.DependencyInjectionTestExecutionListener.injectDependencies(DependencyInjectionTestExecutionListener.java:117) ~[spring-test-5.0.6.RELEASE.jar:5.0.6.RELEASE]
	at org.springframework.test.context.support.DependencyInjectionTestExecutionListener.prepareTestInstance(DependencyInjectionTestExecutionListener.java:83) ~[spring-test-5.0.6.RELEASE.jar:5.0.6.RELEASE]
	at org.springframework.boot.test.autoconfigure.SpringBootDependencyInjectionTestExecutionListener.prepareTestInstance(SpringBootDependencyInjectionTestExecutionListener.java:44) ~[spring-boot-test-autoconfigure-2.0.2.RELEASE.jar:2.0.2.RELEASE]
	at org.springframework.test.context.TestContextManager.prepareTestInstance(TestContextManager.java:246) ~[spring-test-5.0.6.RELEASE.jar:5.0.6.RELEASE]
	at org.spockframework.spring.SpringTestContextManager.prepareTestInstance(SpringTestContextManager.java:50) [spock-spring-1.1-groovy-2.4.jar:na]
	at org.spockframework.spring.SpringInterceptor.interceptSetupMethod(SpringInterceptor.java:42) [spock-spring-1.1-groovy-2.4.jar:na]
	at org.spockframework.runtime.extension.AbstractMethodInterceptor.intercept(AbstractMethodInterceptor.java:28) [spock-core-1.1-groovy-2.4.jar:na]
	at org.spockframework.runtime.extension.MethodInvocation.proceed(MethodInvocation.java:87) [spock-core-1.1-groovy-2.4.jar:na]
	at org.spockframework.runtime.BaseSpecRunner.invoke(BaseSpecRunner.java:472) [spock-core-1.1-groovy-2.4.jar:na]
	at org.spockframework.runtime.BaseSpecRunner.runSetup(BaseSpecRunner.java:375) [spock-core-1.1-groovy-2.4.jar:na]
	at org.spockframework.runtime.BaseSpecRunner.runSetup(BaseSpecRunner.java:370) [spock-core-1.1-groovy-2.4.jar:na]
	at org.spockframework.runtime.BaseSpecRunner.doRunIteration(BaseSpecRunner.java:323) [spock-core-1.1-groovy-2.4.jar:na]
	at org.spockframework.runtime.BaseSpecRunner$6.invoke(BaseSpecRunner.java:309) [spock-core-1.1-groovy-2.4.jar:na]
	at org.spockframework.runtime.BaseSpecRunner.invokeRaw(BaseSpecRunner.java:481) [spock-core-1.1-groovy-2.4.jar:na]
	at org.spockframework.runtime.BaseSpecRunner.invoke(BaseSpecRunner.java:464) [spock-core-1.1-groovy-2.4.jar:na]
	at org.spockframework.runtime.BaseSpecRunner.runIteration(BaseSpecRunner.java:288) [spock-core-1.1-groovy-2.4.jar:na]
	at org.spockframework.runtime.BaseSpecRunner.initializeAndRunIteration(BaseSpecRunner.java:278) [spock-core-1.1-groovy-2.4.jar:na]
	at org.spockframework.runtime.ParameterizedSpecRunner.runIterations(ParameterizedSpecRunner.java:139) [spock-core-1.1-groovy-2.4.jar:na]
	at org.spockframework.runtime.ParameterizedSpecRunner.runParameterizedFeature(ParameterizedSpecRunner.java:41) [spock-core-1.1-groovy-2.4.jar:na]
	at org.spockframework.runtime.BaseSpecRunner.doRunFeature(BaseSpecRunner.java:262) [spock-core-1.1-groovy-2.4.jar:na]
	at org.spockframework.runtime.BaseSpecRunner$5.invoke(BaseSpecRunner.java:246) [spock-core-1.1-groovy-2.4.jar:na]
	at org.spockframework.runtime.BaseSpecRunner.invokeRaw(BaseSpecRunner.java:481) [spock-core-1.1-groovy-2.4.jar:na]
	at org.spockframework.runtime.BaseSpecRunner.invoke(BaseSpecRunner.java:464) [spock-core-1.1-groovy-2.4.jar:na]
	at org.spockframework.runtime.BaseSpecRunner.runFeature(BaseSpecRunner.java:238) [spock-core-1.1-groovy-2.4.jar:na]
	at org.spockframework.runtime.BaseSpecRunner.runFeatures(BaseSpecRunner.java:188) [spock-core-1.1-groovy-2.4.jar:na]
	at org.spockframework.runtime.BaseSpecRunner.doRunSpec(BaseSpecRunner.java:98) [spock-core-1.1-groovy-2.4.jar:na]
	at org.spockframework.runtime.BaseSpecRunner$1.invoke(BaseSpecRunner.java:84) [spock-core-1.1-groovy-2.4.jar:na]
	at org.spockframework.runtime.BaseSpecRunner.invokeRaw(BaseSpecRunner.java:481) [spock-core-1.1-groovy-2.4.jar:na]
	at org.spockframework.runtime.BaseSpecRunner.invoke(BaseSpecRunner.java:464) [spock-core-1.1-groovy-2.4.jar:na]
	at org.spockframework.runtime.BaseSpecRunner.runSpec(BaseSpecRunner.java:76) [spock-core-1.1-groovy-2.4.jar:na]
	at org.spockframework.runtime.BaseSpecRunner.run(BaseSpecRunner.java:67) [spock-core-1.1-groovy-2.4.jar:na]
	at org.spockframework.runtime.Sputnik.run(Sputnik.java:63) [spock-core-1.1-groovy-2.4.jar:na]
	at org.apache.maven.surefire.junit4.JUnit4TestSet.execute(JUnit4TestSet.java:59) [surefire-junit4-2.6.jar:2.6]
	at org.apache.maven.surefire.suite.AbstractDirectoryTestSuite.executeTestSet(AbstractDirectoryTestSuite.java:120) [surefire-api-2.6.jar:2.6]
	at org.apache.maven.surefire.suite.AbstractDirectoryTestSuite.execute(AbstractDirectoryTestSuite.java:103) [surefire-api-2.6.jar:2.6]
	at org.apache.maven.surefire.Surefire.run(Surefire.java:169) [surefire-api-2.6.jar:2.6]
	at sun.reflect.NativeMethodAccessorImpl.invoke0(Native Method) ~[na:1.8.0_171]
	at sun.reflect.NativeMethodAccessorImpl.invoke(NativeMethodAccessorImpl.java:62) ~[na:1.8.0_171]
	at sun.reflect.DelegatingMethodAccessorImpl.invoke(DelegatingMethodAccessorImpl.java:43) ~[na:1.8.0_171]
	at java.lang.reflect.Method.invoke(Method.java:498) ~[na:1.8.0_171]
	at org.apache.maven.surefire.booter.SurefireBooter.runSuitesInProcess(SurefireBooter.java:350) [surefire-booter-2.6.jar:2.6]
	at org.apache.maven.surefire.booter.SurefireBooter.main(SurefireBooter.java:1021) [surefire-booter-2.6.jar:2.6]
Caused by: org.springframework.beans.factory.UnsatisfiedDependencyException: Error creating bean with name &apos;operationContext&apos; defined in file [C:\repo_internship_project_master\com.calculator\target\classes\businessLayer\OperationContext.class]: Unsatisfied dependency expressed through constructor parameter 0; nested exception is org.springframework.beans.factory.NoSuchBeanDefinitionException: No qualifying bean of type &apos;businessLayer.api.CalculatorStrategy&apos; available: expected at least 1 bean which qualifies as autowire candidate. Dependency annotations: {}
	at org.springframework.beans.factory.support.ConstructorResolver.createArgumentArray(ConstructorResolver.java:729) ~[spring-beans-5.0.6.RELEASE.jar:5.0.6.RELEASE]
	at org.springframework.beans.factory.support.ConstructorResolver.autowireConstructor(ConstructorResolver.java:192) ~[spring-beans-5.0.6.RELEASE.jar:5.0.6.RELEASE]
	at org.springframework.beans.factory.support.AbstractAutowireCapableBeanFactory.autowireConstructor(AbstractAutowireCapableBeanFactory.java:1274) ~[spring-beans-5.0.6.RELEASE.jar:5.0.6.RELEASE]
	at org.springframework.beans.factory.support.AbstractAutowireCapableBeanFactory.createBeanInstance(AbstractAutowireCapableBeanFactory.java:1131) ~[spring-beans-5.0.6.RELEASE.jar:5.0.6.RELEASE]
	at org.springframework.beans.factory.support.AbstractAutowireCapableBeanFactory.doCreateBean(AbstractAutowireCapableBeanFactory.java:541) ~[spring-beans-5.0.6.RELEASE.jar:5.0.6.RELEASE]
	at org.springframework.beans.factory.support.AbstractAutowireCapableBeanFactory.createBean(AbstractAutowireCapableBeanFactory.java:501) ~[spring-beans-5.0.6.RELEASE.jar:5.0.6.RELEASE]
	at org.springframework.beans.factory.support.AbstractBeanFactory.lambda$doGetBean$0(AbstractBeanFactory.java:317) ~[spring-beans-5.0.6.RELEASE.jar:5.0.6.RELEASE]
	at org.springframework.beans.factory.support.DefaultSingletonBeanRegistry.getSingleton(DefaultSingletonBeanRegistry.java:228) ~[spring-beans-5.0.6.RELEASE.jar:5.0.6.RELEASE]
	at org.springframework.beans.factory.support.AbstractBeanFactory.doGetBean(AbstractBeanFactory.java:315) ~[spring-beans-5.0.6.RELEASE.jar:5.0.6.RELEASE]
	at org.springframework.beans.factory.support.AbstractBeanFactory.getBean(AbstractBeanFactory.java:199) ~[spring-beans-5.0.6.RELEASE.jar:5.0.6.RELEASE]
	at org.springframework.beans.factory.support.DefaultListableBeanFactory.preInstantiateSingletons(DefaultListableBeanFactory.java:760) ~[spring-beans-5.0.6.RELEASE.jar:5.0.6.RELEASE]
	at org.springframework.context.support.AbstractApplicationContext.finishBeanFactoryInitialization(AbstractApplicationContext.java:869) ~[spring-context-5.0.6.RELEASE.jar:5.0.6.RELEASE]
	at org.springframework.context.support.AbstractApplicationContext.refresh(AbstractApplicationContext.java:550) ~[spring-context-5.0.6.RELEASE.jar:5.0.6.RELEASE]
	at org.springframework.boot.SpringApplication.refresh(SpringApplication.java:759) ~[spring-boot-2.0.2.RELEASE.jar:2.0.2.RELEASE]
	at org.springframework.boot.SpringApplication.refreshContext(SpringApplication.java:395) ~[spring-boot-2.0.2.RELEASE.jar:2.0.2.RELEASE]
	at org.springframework.boot.SpringApplication.run(SpringApplication.java:327) ~[spring-boot-2.0.2.RELEASE.jar:2.0.2.RELEASE]
	at org.springframework.boot.test.context.SpringBootContextLoader.loadContext(SpringBootContextLoader.java:139) ~[spring-boot-test-2.0.2.RELEASE.jar:2.0.2.RELEASE]
	at org.springframework.test.context.cache.DefaultCacheAwareContextLoaderDelegate.loadContextInternal(DefaultCacheAwareContextLoaderDelegate.java:99) ~[spring-test-5.0.6.RELEASE.jar:5.0.6.RELEASE]
	at org.springframework.test.context.cache.DefaultCacheAwareContextLoaderDelegate.loadContext(DefaultCacheAwareContextLoaderDelegate.java:117) ~[spring-test-5.0.6.RELEASE.jar:5.0.6.RELEASE]
	... 43 common frames omitted
Caused by: org.springframework.beans.factory.NoSuchBeanDefinitionException: No qualifying bean of type &apos;businessLayer.api.CalculatorStrategy&apos; available: expected at least 1 bean which qualifies as autowire candidate. Dependency annotations: {}
	at org.springframework.beans.factory.support.DefaultListableBeanFactory.raiseNoMatchingBeanFound(DefaultListableBeanFactory.java:1509) ~[spring-beans-5.0.6.RELEASE.jar:5.0.6.RELEASE]
	at org.springframework.beans.factory.support.DefaultListableBeanFactory.doResolveDependency(DefaultListableBeanFactory.java:1104) ~[spring-beans-5.0.6.RELEASE.jar:5.0.6.RELEASE]
	at org.springframework.beans.factory.support.DefaultListableBeanFactory.resolveDependency(DefaultListableBeanFactory.java:1065) ~[spring-beans-5.0.6.RELEASE.jar:5.0.6.RELEASE]
	at org.springframework.beans.factory.support.ConstructorResolver.resolveAutowiredArgument(ConstructorResolver.java:815) ~[spring-beans-5.0.6.RELEASE.jar:5.0.6.RELEASE]
	at org.springframework.beans.factory.support.ConstructorResolver.createArgumentArray(ConstructorResolver.java:721) ~[spring-beans-5.0.6.RELEASE.jar:5.0.6.RELEASE]
	... 61 common frames omitted

</system-out>
  </testcase>
</testsuite>