<?xml version="1.0" encoding="UTF-8"?>
<testsuite name="webLayer.CalculatorWSTest" time="2.534" tests="14" errors="0" skipped="0" failures="0">
  <properties>
[...]
</properties>
  <testcase name="when a GET request is made to the /calc/status url the expected response message and a 200 OK status should be returned" classname="webLayer.CalculatorWSTest" time="2.468"/>
  <testcase name="when D and D are passed as Strings M is returned as a String along the appropriate http response code" classname="webLayer.CalculatorWSTest" time="0.018"/>
  <testcase name="when CD and D are passed as Strings CM is returned as a String along the appropriate http response code" classname="webLayer.CalculatorWSTest" time="0.005"/>
  <testcase name="when CCL and CCL are passed as Strings D is returned as a String along the appropriate http response code" classname="webLayer.CalculatorWSTest" time="0.007"/>
  <testcase name="when CC and CC are passed as Strings CD is returned as a String along the appropriate http response code" classname="webLayer.CalculatorWSTest" time="0.002"/>
  <testcase name="when L and L are passed as Strings C is returned as a String along the appropriate http response code" classname="webLayer.CalculatorWSTest" time="0.004"/>
  <testcase name="when L and XL are passed as Strings XC is returned as a String along the appropriate http response code" classname="webLayer.CalculatorWSTest" time="0.003"/>
  <testcase name="when XXV and XXV are passed as Strings L is returned as a String along the appropriate http response code" classname="webLayer.CalculatorWSTest" time="0.004"/>
  <testcase name="when XX and XX are passed as Strings XL is returned as a String along the appropriate http response code" classname="webLayer.CalculatorWSTest" time="0.003"/>
  <testcase name="when V and V are passed as Strings X is returned as a String along the appropriate http response code" classname="webLayer.CalculatorWSTest" time="0.004"/>
  <testcase name="when V and IV are passed as Strings IX is returned as a String along the appropriate http response code" classname="webLayer.CalculatorWSTest" time="0.005"/>
  <testcase name="when IV and I are passed as Strings V is returned as a String along the appropriate http response code" classname="webLayer.CalculatorWSTest" time="0.003"/>
  <testcase name="when II and II are passed as Strings IV is returned as a String along the appropriate http response code" classname="webLayer.CalculatorWSTest" time="0.004"/>
  <testcase name="when I and I are passed as Strings II is returned as a String along the appropriate http response code" classname="webLayer.CalculatorWSTest" time="0.004"/>
</testsuite>